This file contains any messages produced by compilers while
running configure, to aid debugging if configure makes a mistake.

It was created by opcodes configure 2.38, which was
generated by GNU Autoconf 2.69.  Invocation command line was

  $ /Users/hack/binutils-2.38/opcodes/configure --srcdir=.././opcodes --cache-file=./config.cache --disable-unit-tests --program-transform-name=s,y,y, --disable-option-checking --build=x86_64-apple-darwin21.4.0 --host=x86_64-apple-darwin21.4.0 --target=x86_64-apple-darwin21.4.0

## --------- ##
## Platform. ##
## --------- ##

hostname = hacks-Mac-mini.local
uname -m = x86_64
uname -r = 21.4.0
uname -s = Darwin
uname -v = Darwin Kernel Version 21.4.0: Fri Mar 18 00:45:05 PDT 2022; root:xnu-8020.101.4~15/RELEASE_X86_64

/usr/bin/uname -p = i386
/bin/uname -X     = unknown

/bin/arch              = unknown
/usr/bin/arch -k       = unknown
/usr/convex/getsysinfo = unknown
/usr/bin/hostinfo      = Mach kernel version:
	 Darwin Kernel Version 21.4.0: Fri Mar 18 00:45:05 PDT 2022; root:xnu-8020.101.4~15/RELEASE_X86_64
Kernel configured for up to 4 processors.
2 processors are physically available.
4 processors are logically available.
Processor type: x86_64h (Intel x86-64h Haswell)
Processors active: 0 1 2 3
Primary memory available: 8.00 gigabytes
Default processor set: 422 tasks, 2022 threads, 4 processors
Load average: 2.20, Mach factor: 1.80
/bin/machine           = unknown
/usr/bin/oslevel       = unknown
/bin/universe          = unknown

PATH: /Users/hack/.pyenv/plugins/pyenv-virtualenv/shims
PATH: /Users/hack/.pyenv/shims
PATH: /usr/local/bin
PATH: /usr/bin
PATH: /bin
PATH: /usr/sbin
PATH: /sbin
PATH: /Applications/VMware Fusion.app/Contents/Public
PATH: /Library/Apple/usr/bin
PATH: /Users/hack/flutter/bin


## ----------- ##
## Core tests. ##
## ----------- ##

configure:2417: creating cache ./config.cache
configure:2528: checking build system type
configure:2542: result: x86_64-apple-darwin21.4.0
configure:2562: checking host system type
configure:2575: result: x86_64-apple-darwin21.4.0
configure:2595: checking target system type
configure:2608: result: x86_64-apple-darwin21.4.0
configure:2651: checking for a BSD-compatible install
configure:2719: result: /usr/bin/install -c
configure:2730: checking whether build environment is sane
configure:2785: result: yes
configure:2936: checking for a thread-safe mkdir -p
configure:2975: result: ./../install-sh -c -d
configure:2982: checking for gawk
configure:3009: result: awk
configure:3020: checking whether /Applications/Xcode.app/Contents/Developer/usr/bin/make sets $(MAKE)
configure:3042: result: yes
configure:3071: checking whether /Applications/Xcode.app/Contents/Developer/usr/bin/make supports nested variables
configure:3088: result: yes
configure:3225: checking whether /Applications/Xcode.app/Contents/Developer/usr/bin/make supports nested variables
configure:3242: result: yes
configure:3262: checking for x86_64-apple-darwin21.4.0-gcc
configure:3289: result: gcc
configure:3558: checking for C compiler version
configure:3567: gcc --version >&5
Apple clang version 13.1.6 (clang-1316.0.21.2.5)
Target: x86_64-apple-darwin21.4.0
Thread model: posix
InstalledDir: /Applications/Xcode.app/Contents/Developer/Toolchains/XcodeDefault.xctoolchain/usr/bin
configure:3578: $? = 0
configure:3567: gcc -v >&5
Apple clang version 13.1.6 (clang-1316.0.21.2.5)
Target: x86_64-apple-darwin21.4.0
Thread model: posix
InstalledDir: /Applications/Xcode.app/Contents/Developer/Toolchains/XcodeDefault.xctoolchain/usr/bin
configure:3578: $? = 0
configure:3567: gcc -V >&5
clang: error: argument to '-V' is missing (expected 1 value)
clang: error: no input files
configure:3578: $? = 1
configure:3567: gcc -qversion >&5
clang: error: unknown argument '-qversion'; did you mean '--version'?
clang: error: no input files
configure:3578: $? = 1
configure:3598: checking whether the C compiler works
configure:3620: gcc -g -O2         conftest.c  >&5
configure:3624: $? = 0
configure:3672: result: yes
configure:3675: checking for C compiler default output file name
configure:3677: result: a.out
configure:3683: checking for suffix of executables
configure:3690: gcc -o conftest -g -O2         conftest.c  >&5
configure:3694: $? = 0
configure:3716: result: 
configure:3738: checking whether we are cross compiling
configure:3746: gcc -o conftest -g -O2         conftest.c  >&5
configure:3750: $? = 0
configure:3757: ./conftest
configure:3761: $? = 0
configure:3776: result: no
configure:3781: checking for suffix of object files
configure:3803: gcc -c -g -O2      conftest.c >&5
configure:3807: $? = 0
configure:3828: result: o
configure:3832: checking whether we are using the GNU C compiler
configure:3851: gcc -c -g -O2      conftest.c >&5
configure:3851: $? = 0
configure:3860: result: yes
configure:3869: checking whether gcc accepts -g
configure:3889: gcc -c -g  conftest.c >&5
configure:3889: $? = 0
configure:3930: result: yes
configure:3947: checking for gcc option to accept ISO C89
configure:4010: gcc  -c -g -O2      conftest.c >&5
configure:4010: $? = 0
configure:4023: result: none needed
configure:4048: checking whether gcc understands -c and -o together
configure:4070: gcc -c conftest.c -o conftest2.o
configure:4073: $? = 0
configure:4070: gcc -c conftest.c -o conftest2.o
configure:4073: $? = 0
configure:4085: result: yes
configure:4113: checking for style of include used by /Applications/Xcode.app/Contents/Developer/usr/bin/make
configure:4141: result: GNU
configure:4167: checking dependency style of gcc
configure:4278: result: gcc3
configure:4299: checking how to run the C preprocessor
configure:4330: gcc -E  conftest.c
configure:4330: $? = 0
configure:4344: gcc -E  conftest.c
conftest.c:11:10: fatal error: 'ac_nonexistent.h' file not found
#include <ac_nonexistent.h>
         ^~~~~~~~~~~~~~~~~~
1 error generated.
configure:4344: $? = 1
configure: failed program was:
| /* confdefs.h */
| #define PACKAGE_NAME "opcodes"
| #define PACKAGE_TARNAME "opcodes"
| #define PACKAGE_VERSION "2.38"
| #define PACKAGE_STRING "opcodes 2.38"
| #define PACKAGE_BUGREPORT ""
| #define PACKAGE_URL ""
| #define PACKAGE "opcodes"
| #define VERSION "2.38"
| /* end confdefs.h.  */
| #include <ac_nonexistent.h>
configure:4369: result: gcc -E
configure:4389: gcc -E  conftest.c
configure:4389: $? = 0
configure:4403: gcc -E  conftest.c
conftest.c:11:10: fatal error: 'ac_nonexistent.h' file not found
#include <ac_nonexistent.h>
         ^~~~~~~~~~~~~~~~~~
1 error generated.
configure:4403: $? = 1
configure: failed program was:
| /* confdefs.h */
| #define PACKAGE_NAME "opcodes"
| #define PACKAGE_TARNAME "opcodes"
| #define PACKAGE_VERSION "2.38"
| #define PACKAGE_STRING "opcodes 2.38"
| #define PACKAGE_BUGREPORT ""
| #define PACKAGE_URL ""
| #define PACKAGE "opcodes"
| #define VERSION "2.38"
| /* end confdefs.h.  */
| #include <ac_nonexistent.h>
configure:4432: checking for grep that handles long lines and -e
configure:4490: result: /usr/bin/grep
configure:4495: checking for egrep
configure:4557: result: /usr/bin/grep -E
configure:4562: checking for ANSI C header files
configure:4582: gcc -c -g -O2      conftest.c >&5
configure:4582: $? = 0
configure:4655: gcc -o conftest -g -O2         conftest.c  >&5
configure:4655: $? = 0
configure:4655: ./conftest
configure:4655: $? = 0
configure:4666: result: yes
configure:4679: checking for sys/types.h
configure:4679: gcc -c -g -O2      conftest.c >&5
configure:4679: $? = 0
configure:4679: result: yes
configure:4679: checking for sys/stat.h
configure:4679: gcc -c -g -O2      conftest.c >&5
configure:4679: $? = 0
configure:4679: result: yes
configure:4679: checking for stdlib.h
configure:4679: gcc -c -g -O2      conftest.c >&5
configure:4679: $? = 0
configure:4679: result: yes
configure:4679: checking for string.h
configure:4679: gcc -c -g -O2      conftest.c >&5
configure:4679: $? = 0
configure:4679: result: yes
configure:4679: checking for memory.h
configure:4679: gcc -c -g -O2      conftest.c >&5
configure:4679: $? = 0
configure:4679: result: yes
configure:4679: checking for strings.h
configure:4679: gcc -c -g -O2      conftest.c >&5
configure:4679: $? = 0
configure:4679: result: yes
configure:4679: checking for inttypes.h
configure:4679: gcc -c -g -O2      conftest.c >&5
configure:4679: $? = 0
configure:4679: result: yes
configure:4679: checking for stdint.h
configure:4679: gcc -c -g -O2      conftest.c >&5
configure:4679: $? = 0
configure:4679: result: yes
configure:4679: checking for unistd.h
configure:4679: gcc -c -g -O2      conftest.c >&5
configure:4679: $? = 0
configure:4679: result: yes
configure:4692: checking minix/config.h usability
configure:4692: gcc -c -g -O2      conftest.c >&5
conftest.c:54:10: fatal error: 'minix/config.h' file not found
#include <minix/config.h>
         ^~~~~~~~~~~~~~~~
1 error generated.
configure:4692: $? = 1
configure: failed program was:
| /* confdefs.h */
| #define PACKAGE_NAME "opcodes"
| #define PACKAGE_TARNAME "opcodes"
| #define PACKAGE_VERSION "2.38"
| #define PACKAGE_STRING "opcodes 2.38"
| #define PACKAGE_BUGREPORT ""
| #define PACKAGE_URL ""
| #define PACKAGE "opcodes"
| #define VERSION "2.38"
| #define STDC_HEADERS 1
| #define HAVE_SYS_TYPES_H 1
| #define HAVE_SYS_STAT_H 1
| #define HAVE_STDLIB_H 1
| #define HAVE_STRING_H 1
| #define HAVE_MEMORY_H 1
| #define HAVE_STRINGS_H 1
| #define HAVE_INTTYPES_H 1
| #define HAVE_STDINT_H 1
| #define HAVE_UNISTD_H 1
| /* end confdefs.h.  */
| #include <stdio.h>
| #ifdef HAVE_SYS_TYPES_H
| # include <sys/types.h>
| #endif
| #ifdef HAVE_SYS_STAT_H
| # include <sys/stat.h>
| #endif
| #ifdef STDC_HEADERS
| # include <stdlib.h>
| # include <stddef.h>
| #else
| # ifdef HAVE_STDLIB_H
| #  include <stdlib.h>
| # endif
| #endif
| #ifdef HAVE_STRING_H
| # if !defined STDC_HEADERS && defined HAVE_MEMORY_H
| #  include <memory.h>
| # endif
| # include <string.h>
| #endif
| #ifdef HAVE_STRINGS_H
| # include <strings.h>
| #endif
| #ifdef HAVE_INTTYPES_H
| # include <inttypes.h>
| #endif
| #ifdef HAVE_STDINT_H
| # include <stdint.h>
| #endif
| #ifdef HAVE_UNISTD_H
| # include <unistd.h>
| #endif
| #include <minix/config.h>
configure:4692: result: no
configure:4692: checking minix/config.h presence
configure:4692: gcc -E  conftest.c
conftest.c:21:10: fatal error: 'minix/config.h' file not found
#include <minix/config.h>
         ^~~~~~~~~~~~~~~~
1 error generated.
configure:4692: $? = 1
configure: failed program was:
| /* confdefs.h */
| #define PACKAGE_NAME "opcodes"
| #define PACKAGE_TARNAME "opcodes"
| #define PACKAGE_VERSION "2.38"
| #define PACKAGE_STRING "opcodes 2.38"
| #define PACKAGE_BUGREPORT ""
| #define PACKAGE_URL ""
| #define PACKAGE "opcodes"
| #define VERSION "2.38"
| #define STDC_HEADERS 1
| #define HAVE_SYS_TYPES_H 1
| #define HAVE_SYS_STAT_H 1
| #define HAVE_STDLIB_H 1
| #define HAVE_STRING_H 1
| #define HAVE_MEMORY_H 1
| #define HAVE_STRINGS_H 1
| #define HAVE_INTTYPES_H 1
| #define HAVE_STDINT_H 1
| #define HAVE_UNISTD_H 1
| /* end confdefs.h.  */
| #include <minix/config.h>
configure:4692: result: no
configure:4692: checking for minix/config.h
configure:4692: result: no
configure:4713: checking whether it is safe to define __EXTENSIONS__
configure:4731: gcc -c -g -O2      conftest.c >&5
configure:4731: $? = 0
configure:4738: result: yes
configure:4758: checking for x86_64-apple-darwin21.4.0-ar
configure:4785: result: ar 
configure:4850: checking for x86_64-apple-darwin21.4.0-ranlib
configure:4877: result: ranlib 
configure:5018: checking how to print strings
configure:5045: result: printf
configure:5066: checking for a sed that does not truncate output
configure:5130: result: /usr/bin/sed
configure:5148: checking for fgrep
configure:5210: result: /usr/bin/grep -F
configure:5245: checking for ld used by gcc
configure:5312: result: /Applications/Xcode.app/Contents/Developer/Toolchains/XcodeDefault.xctoolchain/usr/bin/ld
configure:5319: checking if the linker (/Applications/Xcode.app/Contents/Developer/Toolchains/XcodeDefault.xctoolchain/usr/bin/ld) is GNU ld
configure:5334: result: no
configure:5346: checking for BSD- or MS-compatible name lister (nm)
configure:5396: result: /usr/bin/nm
configure:5526: checking the name lister (/usr/bin/nm) interface
configure:5533: gcc -c -g -O2      conftest.c >&5
configure:5536: /usr/bin/nm "conftest.o"
configure:5539: output
000000000000024c S _some_variable
configure:5546: result: BSD nm
configure:5549: checking whether ln -s works
configure:5553: result: yes
configure:5561: checking the maximum length of command line arguments
configure:5686: result: 786432
configure:5703: checking whether the shell understands some XSI constructs
configure:5713: result: yes
configure:5717: checking whether the shell understands "+="
configure:5723: result: yes
configure:5758: checking for /Applications/Xcode.app/Contents/Developer/Toolchains/XcodeDefault.xctoolchain/usr/bin/ld option to reload object files
configure:5765: result: -r
configure:5794: checking for x86_64-apple-darwin21.4.0-objdump
configure:5821: result: objdump
configure:5893: checking how to recognize dependent libraries
configure:6094: result: pass_all
configure:6127: checking for x86_64-apple-darwin21.4.0-ar
configure:6154: result: ar 
configure:6245: checking for x86_64-apple-darwin21.4.0-strip
configure:6275: result: no
configure:6285: checking for strip
configure:6301: found /usr/bin/strip
configure:6312: result: strip
configure:6344: checking for x86_64-apple-darwin21.4.0-ranlib
configure:6371: result: ranlib 
configure:6518: checking command to parse /usr/bin/nm output from gcc object
configure:6636: gcc -c -g -O2      conftest.c >&5
configure:6639: $? = 0
configure:6643: /usr/bin/nm conftest.o \| sed -n -e 's/^.*[ ]\([ABCDGIRSTW][ABCDGIRSTW]*\)[ ][ ]*\([_A-Za-z][_A-Za-z0-9]*\)$/\1 \2 \2/p' \> conftest.nm
configure:6646: $? = 0
cannot find nm_test_var in conftest.nm
configure:6636: gcc -c -g -O2      conftest.c >&5
configure:6639: $? = 0
configure:6643: /usr/bin/nm conftest.o \| sed -n -e 's/^.*[ ]\([ABCDGIRSTW][ABCDGIRSTW]*\)[ ][ ]*_\([_A-Za-z][_A-Za-z0-9]*\)$/\1 _\2 \2/p' \> conftest.nm
configure:6646: $? = 0
configure:6700: gcc -o conftest -g -O2         conftest.c conftstm.o >&5
warning: (x86_64)  could not find object file symbol for symbol _main
configure:6703: $? = 0
configure:6741: result: ok
configure:6978: checking for x86_64-apple-darwin21.4.0-dsymutil
configure:7005: result: @DSYMUTIL@
configure:7070: checking for x86_64-apple-darwin21.4.0-nmedit
configure:7100: result: no
configure:7110: checking for nmedit
configure:7126: found /usr/bin/nmedit
configure:7137: result: nmedit
configure:7162: checking for x86_64-apple-darwin21.4.0-lipo
configure:7192: result: no
configure:7202: checking for lipo
configure:7218: found /usr/bin/lipo
configure:7229: result: lipo
configure:7254: checking for x86_64-apple-darwin21.4.0-otool
configure:7281: result: @OTOOL@
configure:7346: checking for x86_64-apple-darwin21.4.0-otool64
configure:7376: result: no
configure:7386: checking for otool64
configure:7416: result: no
configure:7461: checking for -single_module linker flag
gcc -g -O2        -o libconftest.dylib -dynamiclib -Wl,-single_module conftest.c
configure:7488: result: yes
configure:7490: checking for -exported_symbols_list linker flag
configure:7510: gcc -o conftest -g -O2         -Wl,-exported_symbols_list,conftest.sym conftest.c  >&5
configure:7510: $? = 0
configure:7520: result: yes
configure:7522: checking for -force_load linker flag
gcc -g -O2     -c -o conftest.o conftest.c
ar  cru libconftest.a conftest.o
gcc -g -O2        -o conftest conftest.c -Wl,-force_load,./libconftest.a
warning: (x86_64)  could not find object file symbol for symbol _forced_loaded
configure:7550: result: no
configure:7589: checking for dlfcn.h
configure:7589: gcc -c -g -O2      conftest.c >&5
configure:7589: $? = 0
configure:7589: result: yes
configure:7746: checking for objdir
configure:7761: result: .libs
configure:8032: checking if gcc supports -fno-rtti -fno-exceptions
configure:8050: gcc -c -g -O2      -fno-rtti -fno-exceptions conftest.c >&5
configure:8054: $? = 0
configure:8067: result: yes
configure:8087: checking for gcc option to produce PIC
configure:8373: result: -fno-common -DPIC
configure:8385: checking if gcc PIC flag -fno-common -DPIC works
configure:8403: gcc -c -g -O2      -fno-common -DPIC -DPIC conftest.c >&5
configure:8407: $? = 0
configure:8420: result: yes
configure:8444: checking if gcc static flag -static works
configure:8472: result: no
configure:8487: checking if gcc supports -c -o file.o
configure:8508: gcc -c -g -O2      -o out/conftest2.o conftest.c >&5
configure:8512: $? = 0
configure:8534: result: yes
configure:8542: checking if gcc supports -c -o file.o
configure:8589: result: yes
configure:8622: checking whether the gcc linker (/Applications/Xcode.app/Contents/Developer/Toolchains/XcodeDefault.xctoolchain/usr/bin/ld) supports shared libraries
configure:9693: result: yes
configure:9938: checking dynamic linker characteristics
configure:10601: result: darwin21.4.0 dyld
configure:10708: checking how to hardcode library paths into programs
configure:10733: result: immediate
configure:11273: checking whether stripping libraries is possible
configure:11287: result: yes
configure:11313: checking if libtool supports shared libraries
configure:11315: result: yes
configure:11318: checking whether to build shared libraries
configure:11339: result: no
configure:11342: checking whether to build static libraries
configure:11346: result: yes
clang: error: no such file or directory: '@CPPFLAGS_FOR_BUILD@'
clang: error: no such file or directory: '@CPPFLAGS_FOR_BUILD@'
configure:11572: checking whether to enable maintainer-specific portions of Makefiles
configure:11581: result: no
configure:11609: checking whether to install libbfd
configure:11622: result: yes
configure:11668: checking whether NLS is requested
configure:11674: result: yes
configure:11680: checking for catalogs to be installed
configure:11712: result:  da de es fi fr ga id it nl pt_BR ro sr sv tr uk vi zh_CN da de es fi fr ga id it nl pt_BR ro sr sv tr uk vi zh_CN
configure:11739: checking whether NLS is requested
configure:11748: result: yes
configure:11786: checking for msgfmt
configure:11820: result: no
configure:11826: checking for gmsgfmt
configure:11857: result: :
configure:11897: checking for xgettext
configure:11931: result: no
configure:11968: checking for msgmerge
configure:12001: result: no
configure:12093: checking size of void *
configure:12098: gcc -o conftest -g -O2         conftest.c  >&5
configure:12098: $? = 0
configure:12098: ./conftest
configure:12098: $? = 0
configure:12112: result: 8
configure:12141: checking whether basename is declared
configure:12141: gcc -c -g -O2      conftest.c >&5
conftest.c:70:10: error: use of undeclared identifier 'basename'
  (void) basename;
         ^
1 error generated.
configure:12141: $? = 1
configure: failed program was:
| /* confdefs.h */
| #define PACKAGE_NAME "opcodes"
| #define PACKAGE_TARNAME "opcodes"
| #define PACKAGE_VERSION "2.38"
| #define PACKAGE_STRING "opcodes 2.38"
| #define PACKAGE_BUGREPORT ""
| #define PACKAGE_URL ""
| #define PACKAGE "opcodes"
| #define VERSION "2.38"
| #define STDC_HEADERS 1
| #define HAVE_SYS_TYPES_H 1
| #define HAVE_SYS_STAT_H 1
| #define HAVE_STDLIB_H 1
| #define HAVE_STRING_H 1
| #define HAVE_MEMORY_H 1
| #define HAVE_STRINGS_H 1
| #define HAVE_INTTYPES_H 1
| #define HAVE_STDINT_H 1
| #define HAVE_UNISTD_H 1
| #define __EXTENSIONS__ 1
| #define _ALL_SOURCE 1
| #define _GNU_SOURCE 1
| #define _POSIX_PTHREAD_SEMANTICS 1
| #define _TANDEM_SOURCE 1
| #define HAVE_DLFCN_H 1
| #define LT_OBJDIR ".libs/"
| #define ENABLE_NLS 1
| #define SIZEOF_VOID_P 8
| /* end confdefs.h.  */
| #include <stdio.h>
| #ifdef HAVE_SYS_TYPES_H
| # include <sys/types.h>
| #endif
| #ifdef HAVE_SYS_STAT_H
| # include <sys/stat.h>
| #endif
| #ifdef STDC_HEADERS
| # include <stdlib.h>
| # include <stddef.h>
| #else
| # ifdef HAVE_STDLIB_H
| #  include <stdlib.h>
| # endif
| #endif
| #ifdef HAVE_STRING_H
| # if !defined STDC_HEADERS && defined HAVE_MEMORY_H
| #  include <memory.h>
| # endif
| # include <string.h>
| #endif
| #ifdef HAVE_STRINGS_H
| # include <strings.h>
| #endif
| #ifdef HAVE_INTTYPES_H
| # include <inttypes.h>
| #endif
| #ifdef HAVE_STDINT_H
| # include <stdint.h>
| #endif
| #ifdef HAVE_UNISTD_H
| # include <unistd.h>
| #endif
| int
| main ()
| {
| #ifndef basename
| #ifdef __cplusplus
|   (void) basename;
| #else
|   (void) basename;
| #endif
| #endif
| 
|   ;
|   return 0;
| }
configure:12141: result: no
configure:12151: checking whether stpcpy is declared
configure:12151: gcc -c -g -O2      conftest.c >&5
configure:12151: $? = 0
configure:12151: result: yes
configure:12165: checking for sigsetjmp
configure:12183: gcc -c -g -O2      conftest.c >&5
configure:12183: $? = 0
configure:12190: result: 
configure:12234: checking linker --as-needed support
configure:12245: result: no
configure:12689: updating cache ./config.cache
configure:12733: checking that generated files are newer than configure
configure:12739: result: done
configure:12778: creating ./config.status

## ---------------------- ##
## Running config.status. ##
## ---------------------- ##

This file was extended by opcodes config.status 2.38, which was
generated by GNU Autoconf 2.69.  Invocation command line was

  CONFIG_FILES    = 
  CONFIG_HEADERS  = 
  CONFIG_LINKS    = 
  CONFIG_COMMANDS = 
  $ ./config.status 

on hacks-Mac-mini.local

config.status:1132: creating Makefile
config.status:1132: creating po/Makefile.in
config.status:1132: creating config.h
config.status:1361: executing depfiles commands
config.status:1361: executing libtool commands
config.status:1361: executing default-1 commands

## ---------------- ##
## Cache variables. ##
## ---------------- ##

ac_cv_build=x86_64-apple-darwin21.4.0
ac_cv_c_compiler_gnu=yes
ac_cv_env_CC_set=set
ac_cv_env_CC_value=gcc
ac_cv_env_CFLAGS_set=set
ac_cv_env_CFLAGS_value='-g -O2    '
ac_cv_env_CPPFLAGS_set=
ac_cv_env_CPPFLAGS_value=
ac_cv_env_CPP_set=
ac_cv_env_CPP_value=
ac_cv_env_LDFLAGS_set=set
ac_cv_env_LDFLAGS_value='  '
ac_cv_env_LIBS_set=
ac_cv_env_LIBS_value=
ac_cv_env_build_alias_set=set
ac_cv_env_build_alias_value=x86_64-apple-darwin21.4.0
ac_cv_env_host_alias_set=set
ac_cv_env_host_alias_value=x86_64-apple-darwin21.4.0
ac_cv_env_target_alias_set=set
ac_cv_env_target_alias_value=x86_64-apple-darwin21.4.0
ac_cv_have_decl_basename=no
ac_cv_have_decl_stpcpy=yes
ac_cv_header_dlfcn_h=yes
ac_cv_header_inttypes_h=yes
ac_cv_header_memory_h=yes
ac_cv_header_minix_config_h=no
ac_cv_header_stdc=yes
ac_cv_header_stdint_h=yes
ac_cv_header_stdlib_h=yes
ac_cv_header_string_h=yes
ac_cv_header_strings_h=yes
ac_cv_header_sys_stat_h=yes
ac_cv_header_sys_types_h=yes
ac_cv_header_unistd_h=yes
ac_cv_host=x86_64-apple-darwin21.4.0
ac_cv_objext=o
ac_cv_path_EGREP='/usr/bin/grep -E'
ac_cv_path_FGREP='/usr/bin/grep -F'
ac_cv_path_GMSGFMT=:
ac_cv_path_GREP=/usr/bin/grep
ac_cv_path_MSGFMT=:
ac_cv_path_MSGMERGE=:
ac_cv_path_SED=/usr/bin/sed
ac_cv_path_XGETTEXT=:
ac_cv_prog_AR='ar '
ac_cv_prog_AWK=awk
ac_cv_prog_CC=gcc
ac_cv_prog_CPP='gcc -E'
ac_cv_prog_DSYMUTIL=@DSYMUTIL@
ac_cv_prog_OBJDUMP=objdump
ac_cv_prog_OTOOL=@OTOOL@
ac_cv_prog_RANLIB='ranlib '
ac_cv_prog_ac_ct_LIPO=lipo
ac_cv_prog_ac_ct_NMEDIT=nmedit
ac_cv_prog_ac_ct_STRIP=strip
ac_cv_prog_cc_c89=
ac_cv_prog_cc_g=yes
ac_cv_prog_make__Applications_Xcode_app_Contents_Developer_usr_bin_make_set=yes
ac_cv_safe_to_define___extensions__=yes
ac_cv_sizeof_void_p=8
ac_cv_target=x86_64-apple-darwin21.4.0
am_cv_CC_dependencies_compiler_type=gcc3
am_cv_make_support_nested_variables=yes
am_cv_prog_cc_c_o=yes
bfd_cv_func_sigsetjmp=yes
bfd_cv_ld_as_needed=no
lt_cv_apple_cc_single_mod=yes
lt_cv_deplibs_check_method=pass_all
lt_cv_file_magic_cmd='$MAGIC_CMD'
lt_cv_file_magic_test_file=
lt_cv_ld_exported_symbols_list=yes
lt_cv_ld_force_load=no
lt_cv_ld_reload_flag=-r
lt_cv_nm_interface='BSD nm'
lt_cv_objdir=.libs
lt_cv_path_LD=/Applications/Xcode.app/Contents/Developer/Toolchains/XcodeDefault.xctoolchain/usr/bin/ld
lt_cv_path_NM=/usr/bin/nm
lt_cv_prog_compiler_c_o=yes
lt_cv_prog_compiler_pic_works=yes
lt_cv_prog_compiler_rtti_exceptions=yes
lt_cv_prog_compiler_static_works=no
lt_cv_prog_gnu_ld=no
lt_cv_sys_global_symbol_pipe='sed -n -e '\''s/^.*[	 ]\([ABCDGIRSTW][ABCDGIRSTW]*\)[	 ][	 ]*_\([_A-Za-z][_A-Za-z0-9]*\)$/\1 _\2 \2/p'\'''
lt_cv_sys_global_symbol_to_c_name_address='sed -n -e '\''s/^: \([^ ]*\) $/  {\"\1\", (void *) 0},/p'\'' -e '\''s/^[ABCDGIRSTW]* \([^ ]*\) \([^ ]*\)$/  {"\2", (void *) \&\2},/p'\'''
lt_cv_sys_global_symbol_to_c_name_address_lib_prefix='sed -n -e '\''s/^: \([^ ]*\) $/  {\"\1\", (void *) 0},/p'\'' -e '\''s/^[ABCDGIRSTW]* \([^ ]*\) \(lib[^ ]*\)$/  {"\2", (void *) \&\2},/p'\'' -e '\''s/^[ABCDGIRSTW]* \([^ ]*\) \([^ ]*\)$/  {"lib\2", (void *) \&\2},/p'\'''
lt_cv_sys_global_symbol_to_cdecl='sed -n -e '\''s/^T .* \(.*\)$/extern int \1();/p'\'' -e '\''s/^[ABCDGIRSTW]* .* \(.*\)$/extern char \1;/p'\'''
lt_cv_sys_max_cmd_len=786432

## ----------------- ##
## Output variables. ##
## ----------------- ##

ACLOCAL='${SHELL} /Users/hack/binutils-2.38/missing aclocal-1.15'
AMDEPBACKSLASH='\'
AMDEP_FALSE='#'
AMDEP_TRUE=''
AMTAR='$${TAR-tar}'
AM_BACKSLASH='\'
AM_DEFAULT_V='$(AM_DEFAULT_VERBOSITY)'
AM_DEFAULT_VERBOSITY='0'
AM_V='$(V)'
AR='ar '
AUTOCONF='${SHELL} /Users/hack/binutils-2.38/missing autoconf'
AUTOHEADER='${SHELL} /Users/hack/binutils-2.38/missing autoheader'
AUTOMAKE='${SHELL} /Users/hack/binutils-2.38/missing automake-1.15'
AWK='awk'
BFD_MACHINES=' i386-dis.lo i386-opc.lo ppc-dis.lo ppc-opc.lo'
BUILD_LIBS='../libiberty/libiberty.a -L${top_builddir}/../intl -lintl -liconv'
BUILD_LIB_DEPS='../libiberty/libiberty.a ${top_builddir}/../intl/libintl.a'
CATALOGS=' da.gmo de.gmo es.gmo fi.gmo fr.gmo ga.gmo id.gmo it.gmo nl.gmo pt_BR.gmo ro.gmo sr.gmo sv.gmo tr.gmo uk.gmo vi.gmo zh_CN.gmo da.gmo de.gmo es.gmo fi.gmo fr.gmo ga.gmo id.gmo it.gmo nl.gmo pt_BR.gmo ro.gmo sr.gmo sv.gmo tr.gmo uk.gmo vi.gmo zh_CN.gmo'
CATOBJEXT='.gmo'
CC='gcc'
CCDEPMODE='depmode=gcc3'
CC_FOR_BUILD='gcc'
CFLAGS='-g -O2    '
CGEN_MAINT_FALSE=''
CGEN_MAINT_TRUE='#'
CPP='gcc -E'
CPPFLAGS=''
CYGPATH_W='echo'
DATADIRNAME='share'
DEFS='-DHAVE_CONFIG_H'
DEPDIR='.deps'
DSYMUTIL='@DSYMUTIL@'
DUMPBIN=''
ECHO_C='\c'
ECHO_N=''
ECHO_T=''
EGREP='/usr/bin/grep -E'
ENABLE_BFD_64_BIT_FALSE='#'
ENABLE_BFD_64_BIT_TRUE=''
EXEEXT=''
EXEEXT_FOR_BUILD='$(EXEEXT)'
FGREP='/usr/bin/grep -F'
GENCAT='gencat'
GMSGFMT=':'
GREP='/usr/bin/grep'
HDEFINES=''
INCINTL='-I${top_builddir}/../intl'
INSTALL_DATA='/usr/bin/install -c -m 644'
INSTALL_LIBBFD_FALSE='#'
INSTALL_LIBBFD_TRUE=''
INSTALL_PROGRAM='/usr/bin/install -c'
INSTALL_SCRIPT='/usr/bin/install -c'
INSTALL_STRIP_PROGRAM='$(install_sh) -c -s'
INSTOBJEXT='.mo'
LD='/Applications/Xcode.app/Contents/Developer/Toolchains/XcodeDefault.xctoolchain/usr/bin/ld'
LDFLAGS='  '
LIBINTL='-L${top_builddir}/../intl -lintl -liconv'
LIBINTL_DEP='${top_builddir}/../intl/libintl.a'
LIBM=''
LIBOBJS=''
LIBS=''
LIBTOOL='$(SHELL) $(top_builddir)/libtool'
LIPO='lipo'
LN_S='ln -s'
LTLIBOBJS=''
MAINT='#'
MAINTAINER_MODE_FALSE=''
MAINTAINER_MODE_TRUE='#'
MAKEINFO='makeinfo --split-size=5000000'
MKDIR_P='./../install-sh -c -d'
MKINSTALLDIRS='$(top_builddir)/./../mkinstalldirs'
MSGFMT=':'
MSGMERGE=':'
NM='/usr/bin/nm'
NMEDIT='nmedit'
NO_WERROR=''
OBJDUMP='objdump'
OBJEXT='o'
OTOOL64=':'
OTOOL='@OTOOL@'
PACKAGE='opcodes'
PACKAGE_BUGREPORT=''
PACKAGE_NAME='opcodes'
PACKAGE_STRING='opcodes 2.38'
PACKAGE_TARNAME='opcodes'
PACKAGE_URL=''
PACKAGE_VERSION='2.38'
PATH_SEPARATOR=':'
POSUB='po'
RANLIB='ranlib '
SED='/usr/bin/sed'
SET_MAKE=''
SHARED_DEPENDENCIES=''
SHARED_LDFLAGS=''
SHARED_LIBADD=' -L${top_builddir}/../intl -lintl -liconv'
SHELL='/bin/sh'
STRIP='strip'
USE_NLS='yes'
VERSION='2.38'
WARN_CFLAGS='-W -Wall -Wstrict-prototypes -Wmissing-prototypes -Wshadow'
WARN_CFLAGS_FOR_BUILD='-W -Wall -Wstrict-prototypes -Wmissing-prototypes -Wshadow -Wstack-usage=262144'
WARN_WRITE_STRINGS='-Wwrite-strings'
XGETTEXT=':'
ac_ct_CC=''
ac_ct_DUMPBIN=''
am__EXEEXT_FALSE=''
am__EXEEXT_TRUE='#'
am__fastdepCC_FALSE='#'
am__fastdepCC_TRUE=''
am__include='include'
am__isrc=''
am__leading_dot='.'
am__nodep='_no'
am__quote=''
am__tar='$${TAR-tar} chof - "$$tardir"'
am__untar='$${TAR-tar} xf -'
archdefs=' -DARCH_i386 -DARCH_powerpc -DARCH_rs6000'
bfdincludedir='$(includedir)'
bfdlibdir='$(libdir)'
bindir='${exec_prefix}/bin'
build='x86_64-apple-darwin21.4.0'
build_alias='x86_64-apple-darwin21.4.0'
build_cpu='x86_64'
build_os='darwin21.4.0'
build_vendor='apple'
cgendir='$(srcdir)/../cgen'
datadir='${datarootdir}'
datarootdir='${prefix}/share'
docdir='${datarootdir}/doc/${PACKAGE_TARNAME}'
dvidir='${docdir}'
exec_prefix='${prefix}'
host='x86_64-apple-darwin21.4.0'
host_alias='x86_64-apple-darwin21.4.0'
host_cpu='x86_64'
host_noncanonical='x86_64-apple-darwin21.4.0'
host_os='darwin21.4.0'
host_vendor='apple'
htmldir='${docdir}'
includedir='${prefix}/include'
infodir='${datarootdir}/info'
install_sh='${SHELL} /Users/hack/binutils-2.38/install-sh'
libdir='${exec_prefix}/lib'
libexecdir='${exec_prefix}/libexec'
localedir='${datarootdir}/locale'
localstatedir='${prefix}/var'
mandir='${datarootdir}/man'
mkdir_p='$(MKDIR_P)'
oldincludedir='/usr/include'
pdfdir='${docdir}'
prefix='/usr/local'
program_transform_name='s,y,y,'
psdir='${docdir}'
sbindir='${exec_prefix}/sbin'
sharedstatedir='${prefix}/com'
sysconfdir='${prefix}/etc'
target='x86_64-apple-darwin21.4.0'
target_alias='x86_64-apple-darwin21.4.0'
target_cpu='x86_64'
target_noncanonical='x86_64-apple-darwin21.4.0'
target_os='darwin21.4.0'
target_vendor='apple'

## ----------- ##
## confdefs.h. ##
## ----------- ##

/* confdefs.h */
#define PACKAGE_NAME "opcodes"
#define PACKAGE_TARNAME "opcodes"
#define PACKAGE_VERSION "2.38"
#define PACKAGE_STRING "opcodes 2.38"
#define PACKAGE_BUGREPORT ""
#define PACKAGE_URL ""
#define PACKAGE "opcodes"
#define VERSION "2.38"
#define STDC_HEADERS 1
#define HAVE_SYS_TYPES_H 1
#define HAVE_SYS_STAT_H 1
#define HAVE_STDLIB_H 1
#define HAVE_STRING_H 1
#define HAVE_MEMORY_H 1
#define HAVE_STRINGS_H 1
#define HAVE_INTTYPES_H 1
#define HAVE_STDINT_H 1
#define HAVE_UNISTD_H 1
#define __EXTENSIONS__ 1
#define _ALL_SOURCE 1
#define _GNU_SOURCE 1
#define _POSIX_PTHREAD_SEMANTICS 1
#define _TANDEM_SOURCE 1
#define HAVE_DLFCN_H 1
#define LT_OBJDIR ".libs/"
#define ENABLE_NLS 1
#define SIZEOF_VOID_P 8
#define HAVE_DECL_BASENAME 0
#define HAVE_DECL_STPCPY 1
#define HAVE_SIGSETJMP 1

configure: exit 0
