This file contains any messages produced by compilers while
running configure, to aid debugging if configure makes a mistake.

It was created by libctf configure 1.2.0, which was
generated by GNU Autoconf 2.69.  Invocation command line was

  $ /Users/hack/binutils-2.38/libctf/configure --srcdir=.././libctf --cache-file=./config.cache --disable-unit-tests --program-transform-name=s,y,y, --disable-option-checking --build=x86_64-apple-darwin21.4.0 --host=x86_64-apple-darwin21.4.0 --target=x86_64-apple-darwin21.4.0

## --------- ##
## Platform. ##
## --------- ##

hostname = hacks-Mac-mini.local
uname -m = x86_64
uname -r = 21.4.0
uname -s = Darwin
uname -v = Darwin Kernel Version 21.4.0: Fri Mar 18 00:45:05 PDT 2022; root:xnu-8020.101.4~15/RELEASE_X86_64

/usr/bin/uname -p = i386
/bin/uname -X     = unknown

/bin/arch              = unknown
/usr/bin/arch -k       = unknown
/usr/convex/getsysinfo = unknown
/usr/bin/hostinfo      = Mach kernel version:
	 Darwin Kernel Version 21.4.0: Fri Mar 18 00:45:05 PDT 2022; root:xnu-8020.101.4~15/RELEASE_X86_64
Kernel configured for up to 4 processors.
2 processors are physically available.
4 processors are logically available.
Processor type: x86_64h (Intel x86-64h Haswell)
Processors active: 0 1 2 3
Primary memory available: 8.00 gigabytes
Default processor set: 421 tasks, 2027 threads, 4 processors
Load average: 2.76, Mach factor: 1.72
/bin/machine           = unknown
/usr/bin/oslevel       = unknown
/bin/universe          = unknown

PATH: /Users/hack/.pyenv/plugins/pyenv-virtualenv/shims
PATH: /Users/hack/.pyenv/shims
PATH: /usr/local/bin
PATH: /usr/bin
PATH: /bin
PATH: /usr/sbin
PATH: /sbin
PATH: /Applications/VMware Fusion.app/Contents/Public
PATH: /Library/Apple/usr/bin
PATH: /Users/hack/flutter/bin


## ----------- ##
## Core tests. ##
## ----------- ##

configure:2242: creating cache ./config.cache
configure:2359: checking build system type
configure:2373: result: x86_64-apple-darwin21.4.0
configure:2393: checking host system type
configure:2406: result: x86_64-apple-darwin21.4.0
configure:2426: checking target system type
configure:2439: result: x86_64-apple-darwin21.4.0
configure:2476: checking for x86_64-apple-darwin21.4.0-gcc
configure:2503: result: gcc
configure:2772: checking for C compiler version
configure:2781: gcc --version >&5
Apple clang version 13.1.6 (clang-1316.0.21.2.5)
Target: x86_64-apple-darwin21.4.0
Thread model: posix
InstalledDir: /Applications/Xcode.app/Contents/Developer/Toolchains/XcodeDefault.xctoolchain/usr/bin
configure:2792: $? = 0
configure:2781: gcc -v >&5
Apple clang version 13.1.6 (clang-1316.0.21.2.5)
Target: x86_64-apple-darwin21.4.0
Thread model: posix
InstalledDir: /Applications/Xcode.app/Contents/Developer/Toolchains/XcodeDefault.xctoolchain/usr/bin
configure:2792: $? = 0
configure:2781: gcc -V >&5
clang: error: argument to '-V' is missing (expected 1 value)
clang: error: no input files
configure:2792: $? = 1
configure:2781: gcc -qversion >&5
clang: error: unknown argument '-qversion'; did you mean '--version'?
clang: error: no input files
configure:2792: $? = 1
configure:2812: checking whether the C compiler works
configure:2834: gcc -g -O2         conftest.c  >&5
configure:2838: $? = 0
configure:2886: result: yes
configure:2889: checking for C compiler default output file name
configure:2891: result: a.out
configure:2897: checking for suffix of executables
configure:2904: gcc -o conftest -g -O2         conftest.c  >&5
configure:2908: $? = 0
configure:2930: result: 
configure:2952: checking whether we are cross compiling
configure:2960: gcc -o conftest -g -O2         conftest.c  >&5
configure:2964: $? = 0
configure:2971: ./conftest
configure:2975: $? = 0
configure:2990: result: no
configure:2995: checking for suffix of object files
configure:3017: gcc -c -g -O2      conftest.c >&5
configure:3021: $? = 0
configure:3042: result: o
configure:3046: checking whether we are using the GNU C compiler
configure:3065: gcc -c -g -O2      conftest.c >&5
configure:3065: $? = 0
configure:3074: result: yes
configure:3083: checking whether gcc accepts -g
configure:3103: gcc -c -g  conftest.c >&5
configure:3103: $? = 0
configure:3144: result: yes
configure:3161: checking for gcc option to accept ISO C89
configure:3224: gcc  -c -g -O2      conftest.c >&5
configure:3224: $? = 0
configure:3237: result: none needed
configure:3262: checking whether gcc understands -c and -o together
configure:3284: gcc -c conftest.c -o conftest2.o
configure:3287: $? = 0
configure:3284: gcc -c conftest.c -o conftest2.o
configure:3287: $? = 0
configure:3299: result: yes
configure:3322: checking how to run the C preprocessor
configure:3353: gcc -E  conftest.c
configure:3353: $? = 0
configure:3367: gcc -E  conftest.c
conftest.c:9:10: fatal error: 'ac_nonexistent.h' file not found
#include <ac_nonexistent.h>
         ^~~~~~~~~~~~~~~~~~
1 error generated.
configure:3367: $? = 1
configure: failed program was:
| /* confdefs.h */
| #define PACKAGE_NAME "libctf"
| #define PACKAGE_TARNAME "libctf"
| #define PACKAGE_VERSION "1.2.0"
| #define PACKAGE_STRING "libctf 1.2.0"
| #define PACKAGE_BUGREPORT ""
| #define PACKAGE_URL ""
| /* end confdefs.h.  */
| #include <ac_nonexistent.h>
configure:3392: result: gcc -E
configure:3412: gcc -E  conftest.c
configure:3412: $? = 0
configure:3426: gcc -E  conftest.c
conftest.c:9:10: fatal error: 'ac_nonexistent.h' file not found
#include <ac_nonexistent.h>
         ^~~~~~~~~~~~~~~~~~
1 error generated.
configure:3426: $? = 1
configure: failed program was:
| /* confdefs.h */
| #define PACKAGE_NAME "libctf"
| #define PACKAGE_TARNAME "libctf"
| #define PACKAGE_VERSION "1.2.0"
| #define PACKAGE_STRING "libctf 1.2.0"
| #define PACKAGE_BUGREPORT ""
| #define PACKAGE_URL ""
| /* end confdefs.h.  */
| #include <ac_nonexistent.h>
configure:3455: checking for grep that handles long lines and -e
configure:3513: result: /usr/bin/grep
configure:3518: checking for egrep
configure:3580: result: /usr/bin/grep -E
configure:3585: checking for ANSI C header files
configure:3605: gcc -c -g -O2      conftest.c >&5
configure:3605: $? = 0
configure:3678: gcc -o conftest -g -O2         conftest.c  >&5
configure:3678: $? = 0
configure:3678: ./conftest
configure:3678: $? = 0
configure:3689: result: yes
configure:3702: checking for sys/types.h
configure:3702: gcc -c -g -O2      conftest.c >&5
configure:3702: $? = 0
configure:3702: result: yes
configure:3702: checking for sys/stat.h
configure:3702: gcc -c -g -O2      conftest.c >&5
configure:3702: $? = 0
configure:3702: result: yes
configure:3702: checking for stdlib.h
configure:3702: gcc -c -g -O2      conftest.c >&5
configure:3702: $? = 0
configure:3702: result: yes
configure:3702: checking for string.h
configure:3702: gcc -c -g -O2      conftest.c >&5
configure:3702: $? = 0
configure:3702: result: yes
configure:3702: checking for memory.h
configure:3702: gcc -c -g -O2      conftest.c >&5
configure:3702: $? = 0
configure:3702: result: yes
configure:3702: checking for strings.h
configure:3702: gcc -c -g -O2      conftest.c >&5
configure:3702: $? = 0
configure:3702: result: yes
configure:3702: checking for inttypes.h
configure:3702: gcc -c -g -O2      conftest.c >&5
configure:3702: $? = 0
configure:3702: result: yes
configure:3702: checking for stdint.h
configure:3702: gcc -c -g -O2      conftest.c >&5
configure:3702: $? = 0
configure:3702: result: yes
configure:3702: checking for unistd.h
configure:3702: gcc -c -g -O2      conftest.c >&5
configure:3702: $? = 0
configure:3702: result: yes
configure:3715: checking minix/config.h usability
configure:3715: gcc -c -g -O2      conftest.c >&5
conftest.c:52:10: fatal error: 'minix/config.h' file not found
#include <minix/config.h>
         ^~~~~~~~~~~~~~~~
1 error generated.
configure:3715: $? = 1
configure: failed program was:
| /* confdefs.h */
| #define PACKAGE_NAME "libctf"
| #define PACKAGE_TARNAME "libctf"
| #define PACKAGE_VERSION "1.2.0"
| #define PACKAGE_STRING "libctf 1.2.0"
| #define PACKAGE_BUGREPORT ""
| #define PACKAGE_URL ""
| #define STDC_HEADERS 1
| #define HAVE_SYS_TYPES_H 1
| #define HAVE_SYS_STAT_H 1
| #define HAVE_STDLIB_H 1
| #define HAVE_STRING_H 1
| #define HAVE_MEMORY_H 1
| #define HAVE_STRINGS_H 1
| #define HAVE_INTTYPES_H 1
| #define HAVE_STDINT_H 1
| #define HAVE_UNISTD_H 1
| /* end confdefs.h.  */
| #include <stdio.h>
| #ifdef HAVE_SYS_TYPES_H
| # include <sys/types.h>
| #endif
| #ifdef HAVE_SYS_STAT_H
| # include <sys/stat.h>
| #endif
| #ifdef STDC_HEADERS
| # include <stdlib.h>
| # include <stddef.h>
| #else
| # ifdef HAVE_STDLIB_H
| #  include <stdlib.h>
| # endif
| #endif
| #ifdef HAVE_STRING_H
| # if !defined STDC_HEADERS && defined HAVE_MEMORY_H
| #  include <memory.h>
| # endif
| # include <string.h>
| #endif
| #ifdef HAVE_STRINGS_H
| # include <strings.h>
| #endif
| #ifdef HAVE_INTTYPES_H
| # include <inttypes.h>
| #endif
| #ifdef HAVE_STDINT_H
| # include <stdint.h>
| #endif
| #ifdef HAVE_UNISTD_H
| # include <unistd.h>
| #endif
| #include <minix/config.h>
configure:3715: result: no
configure:3715: checking minix/config.h presence
configure:3715: gcc -E  conftest.c
conftest.c:19:10: fatal error: 'minix/config.h' file not found
#include <minix/config.h>
         ^~~~~~~~~~~~~~~~
1 error generated.
configure:3715: $? = 1
configure: failed program was:
| /* confdefs.h */
| #define PACKAGE_NAME "libctf"
| #define PACKAGE_TARNAME "libctf"
| #define PACKAGE_VERSION "1.2.0"
| #define PACKAGE_STRING "libctf 1.2.0"
| #define PACKAGE_BUGREPORT ""
| #define PACKAGE_URL ""
| #define STDC_HEADERS 1
| #define HAVE_SYS_TYPES_H 1
| #define HAVE_SYS_STAT_H 1
| #define HAVE_STDLIB_H 1
| #define HAVE_STRING_H 1
| #define HAVE_MEMORY_H 1
| #define HAVE_STRINGS_H 1
| #define HAVE_INTTYPES_H 1
| #define HAVE_STDINT_H 1
| #define HAVE_UNISTD_H 1
| /* end confdefs.h.  */
| #include <minix/config.h>
configure:3715: result: no
configure:3715: checking for minix/config.h
configure:3715: result: no
configure:3736: checking whether it is safe to define __EXTENSIONS__
configure:3754: gcc -c -g -O2      conftest.c >&5
configure:3754: $? = 0
configure:3761: result: yes
configure:3791: checking for a BSD-compatible install
configure:3859: result: /usr/bin/install -c
configure:3870: checking whether build environment is sane
configure:3925: result: yes
configure:4073: checking for a thread-safe mkdir -p
configure:4112: result: ./../install-sh -c -d
configure:4119: checking for gawk
configure:4146: result: awk
configure:4157: checking whether /Applications/Xcode.app/Contents/Developer/usr/bin/make sets $(MAKE)
configure:4179: result: yes
configure:4209: checking for style of include used by /Applications/Xcode.app/Contents/Developer/usr/bin/make
configure:4237: result: GNU
configure:4271: checking whether /Applications/Xcode.app/Contents/Developer/usr/bin/make supports nested variables
configure:4288: result: yes
configure:4373: checking dependency style of gcc
configure:4484: result: gcc3
configure:4553: checking whether /Applications/Xcode.app/Contents/Developer/usr/bin/make supports nested variables
configure:4570: result: yes
configure:4583: checking whether /Applications/Xcode.app/Contents/Developer/usr/bin/make sets $(MAKE)
configure:4605: result: yes
configure:4622: checking for x86_64-apple-darwin21.4.0-gcc
configure:4649: result: gcc
configure:4918: checking for C compiler version
configure:4927: gcc --version >&5
Apple clang version 13.1.6 (clang-1316.0.21.2.5)
Target: x86_64-apple-darwin21.4.0
Thread model: posix
InstalledDir: /Applications/Xcode.app/Contents/Developer/Toolchains/XcodeDefault.xctoolchain/usr/bin
configure:4938: $? = 0
configure:4927: gcc -v >&5
Apple clang version 13.1.6 (clang-1316.0.21.2.5)
Target: x86_64-apple-darwin21.4.0
Thread model: posix
InstalledDir: /Applications/Xcode.app/Contents/Developer/Toolchains/XcodeDefault.xctoolchain/usr/bin
configure:4938: $? = 0
configure:4927: gcc -V >&5
clang: error: argument to '-V' is missing (expected 1 value)
clang: error: no input files
configure:4938: $? = 1
configure:4927: gcc -qversion >&5
clang: error: unknown argument '-qversion'; did you mean '--version'?
clang: error: no input files
configure:4938: $? = 1
configure:4942: checking whether we are using the GNU C compiler
configure:4970: result: yes
configure:4979: checking whether gcc accepts -g
configure:5040: result: yes
configure:5057: checking for gcc option to accept ISO C89
configure:5133: result: none needed
configure:5158: checking whether gcc understands -c and -o together
configure:5195: result: yes
configure:5215: checking for x86_64-apple-darwin21.4.0-ranlib
configure:5242: result: ranlib 
configure:5309: checking for x86_64-apple-darwin21.4.0-ar
configure:5336: result: ar 
configure:5406: checking the archiver (ar ) interface
configure:5422: gcc -c -g -O2      conftest.c >&5
configure:5422: $? = 0
configure:5424: ar  cru libconftest.a conftest.o >&5
configure:5427: $? = 0
configure:5455: result: ar
configure:5488: checking whether NLS is requested
configure:5494: result: yes
configure:5500: checking for catalogs to be installed
configure:5532: result: 
configure:5624: checking how to print strings
configure:5651: result: printf
configure:5672: checking for a sed that does not truncate output
configure:5736: result: /usr/bin/sed
configure:5754: checking for fgrep
configure:5816: result: /usr/bin/grep -F
configure:5851: checking for ld used by gcc
configure:5918: result: /Applications/Xcode.app/Contents/Developer/Toolchains/XcodeDefault.xctoolchain/usr/bin/ld
configure:5925: checking if the linker (/Applications/Xcode.app/Contents/Developer/Toolchains/XcodeDefault.xctoolchain/usr/bin/ld) is GNU ld
configure:5940: result: no
configure:5952: checking for BSD- or MS-compatible name lister (nm)
configure:6002: result: /usr/bin/nm
configure:6132: checking the name lister (/usr/bin/nm) interface
configure:6139: gcc -c -g -O2      conftest.c >&5
configure:6142: /usr/bin/nm "conftest.o"
configure:6145: output
0000000000000248 S _some_variable
configure:6152: result: BSD nm
configure:6155: checking whether ln -s works
configure:6159: result: yes
configure:6167: checking the maximum length of command line arguments
configure:6292: result: 786432
configure:6309: checking whether the shell understands some XSI constructs
configure:6319: result: yes
configure:6323: checking whether the shell understands "+="
configure:6329: result: yes
configure:6364: checking for /Applications/Xcode.app/Contents/Developer/Toolchains/XcodeDefault.xctoolchain/usr/bin/ld option to reload object files
configure:6371: result: -r
configure:6400: checking for x86_64-apple-darwin21.4.0-objdump
configure:6427: result: objdump
configure:6499: checking how to recognize dependent libraries
configure:6700: result: pass_all
configure:6733: checking for x86_64-apple-darwin21.4.0-ar
configure:6760: result: ar 
configure:6851: checking for x86_64-apple-darwin21.4.0-strip
configure:6881: result: no
configure:6891: checking for strip
configure:6907: found /usr/bin/strip
configure:6918: result: strip
configure:6950: checking for x86_64-apple-darwin21.4.0-ranlib
configure:6977: result: ranlib 
configure:7124: checking command to parse /usr/bin/nm output from gcc object
configure:7242: gcc -c -g -O2      conftest.c >&5
configure:7245: $? = 0
configure:7249: /usr/bin/nm conftest.o \| sed -n -e 's/^.*[ ]\([ABCDGIRSTW][ABCDGIRSTW]*\)[ ][ ]*\([_A-Za-z][_A-Za-z0-9]*\)$/\1 \2 \2/p' \> conftest.nm
configure:7252: $? = 0
cannot find nm_test_var in conftest.nm
configure:7242: gcc -c -g -O2      conftest.c >&5
configure:7245: $? = 0
configure:7249: /usr/bin/nm conftest.o \| sed -n -e 's/^.*[ ]\([ABCDGIRSTW][ABCDGIRSTW]*\)[ ][ ]*_\([_A-Za-z][_A-Za-z0-9]*\)$/\1 _\2 \2/p' \> conftest.nm
configure:7252: $? = 0
configure:7306: gcc -o conftest -g -O2         conftest.c conftstm.o >&5
warning: (x86_64)  could not find object file symbol for symbol _main
configure:7309: $? = 0
configure:7347: result: ok
configure:7584: checking for x86_64-apple-darwin21.4.0-dsymutil
configure:7611: result: @DSYMUTIL@
configure:7676: checking for x86_64-apple-darwin21.4.0-nmedit
configure:7706: result: no
configure:7716: checking for nmedit
configure:7732: found /usr/bin/nmedit
configure:7743: result: nmedit
configure:7768: checking for x86_64-apple-darwin21.4.0-lipo
configure:7798: result: no
configure:7808: checking for lipo
configure:7824: found /usr/bin/lipo
configure:7835: result: lipo
configure:7860: checking for x86_64-apple-darwin21.4.0-otool
configure:7887: result: @OTOOL@
configure:7952: checking for x86_64-apple-darwin21.4.0-otool64
configure:7982: result: no
configure:7992: checking for otool64
configure:8022: result: no
configure:8067: checking for -single_module linker flag
gcc -g -O2        -o libconftest.dylib -dynamiclib -Wl,-single_module conftest.c
configure:8094: result: yes
configure:8096: checking for -exported_symbols_list linker flag
configure:8116: gcc -o conftest -g -O2         -Wl,-exported_symbols_list,conftest.sym conftest.c  >&5
configure:8116: $? = 0
configure:8126: result: yes
configure:8128: checking for -force_load linker flag
gcc -g -O2     -c -o conftest.o conftest.c
ar  cru libconftest.a conftest.o
gcc -g -O2        -o conftest conftest.c -Wl,-force_load,./libconftest.a
warning: (x86_64)  could not find object file symbol for symbol _forced_loaded
configure:8156: result: no
configure:8195: checking for dlfcn.h
configure:8195: gcc -c -g -O2      conftest.c >&5
configure:8195: $? = 0
configure:8195: result: yes
configure:8352: checking for objdir
configure:8367: result: .libs
configure:8638: checking if gcc supports -fno-rtti -fno-exceptions
configure:8656: gcc -c -g -O2      -fno-rtti -fno-exceptions conftest.c >&5
configure:8660: $? = 0
configure:8673: result: yes
configure:8693: checking for gcc option to produce PIC
configure:8979: result: -fno-common -DPIC
configure:8991: checking if gcc PIC flag -fno-common -DPIC works
configure:9009: gcc -c -g -O2      -fno-common -DPIC -DPIC conftest.c >&5
configure:9013: $? = 0
configure:9026: result: yes
configure:9050: checking if gcc static flag -static works
configure:9078: result: no
configure:9093: checking if gcc supports -c -o file.o
configure:9114: gcc -c -g -O2      -o out/conftest2.o conftest.c >&5
configure:9118: $? = 0
configure:9140: result: yes
configure:9148: checking if gcc supports -c -o file.o
configure:9195: result: yes
configure:9228: checking whether the gcc linker (/Applications/Xcode.app/Contents/Developer/Toolchains/XcodeDefault.xctoolchain/usr/bin/ld) supports shared libraries
configure:10299: result: yes
configure:10544: checking dynamic linker characteristics
configure:11207: result: darwin21.4.0 dyld
configure:11314: checking how to hardcode library paths into programs
configure:11339: result: immediate
configure:11879: checking whether stripping libraries is possible
configure:11893: result: yes
configure:11919: checking if libtool supports shared libraries
configure:11921: result: yes
configure:11924: checking whether to build shared libraries
configure:11945: result: no
configure:11948: checking whether to build static libraries
configure:11952: result: yes
configure:11994: checking for special C compiler options needed for large files
configure:12039: result: no
configure:12045: checking for _FILE_OFFSET_BITS value needed for large files
configure:12070: gcc -c -g -O2      conftest.c >&5
configure:12070: $? = 0
configure:12102: result: no
configure:12193: checking for aclocal
configure:12220: result: ${SHELL} /Users/hack/binutils-2.38/missing aclocal-1.15
configure:12236: checking for autoconf
configure:12263: result: ${SHELL} /Users/hack/binutils-2.38/missing autoconf
configure:12279: checking for autoheader
configure:12306: result: ${SHELL} /Users/hack/binutils-2.38/missing autoheader
configure:12340: checking whether gcc supports -W
configure:12357: gcc -c -W  conftest.c >&5
configure:12357: $? = 0
configure:12366: result: yes
configure:12340: checking whether gcc supports -Wall
configure:12357: gcc -c -Wall  conftest.c >&5
configure:12357: $? = 0
configure:12366: result: yes
configure:12340: checking whether gcc supports -Wnarrowing
configure:12357: gcc -c -Wnarrowing  conftest.c >&5
configure:12357: $? = 0
configure:12366: result: yes
configure:12340: checking whether gcc supports -Wwrite-strings
configure:12357: gcc -c -Wwrite-strings  conftest.c >&5
configure:12357: $? = 0
configure:12366: result: yes
configure:12340: checking whether gcc supports -Wmissing-format-attribute
configure:12357: gcc -c -Wmissing-format-attribute  conftest.c >&5
configure:12357: $? = 0
configure:12366: result: yes
configure:12398: checking whether gcc supports -Wstrict-prototypes
configure:12415: gcc -c -Wstrict-prototypes  conftest.c >&5
configure:12415: $? = 0
configure:12424: result: yes
configure:12398: checking whether gcc supports -Wmissing-prototypes
configure:12415: gcc -c -Wmissing-prototypes  conftest.c >&5
configure:12415: $? = 0
configure:12424: result: yes
configure:12398: checking whether gcc supports -Wold-style-definition
configure:12415: gcc -c -Wold-style-definition  conftest.c >&5
configure:12415: $? = 0
configure:12424: result: yes
configure:12448: checking whether gcc supports -pedantic -Wlong-long
configure:12466: gcc -c -pedantic -Wlong-long  conftest.c >&5
configure:12466: $? = 0
configure:12474: result: yes
configure:12518: checking whether to enable maintainer-specific portions of Makefiles
configure:12527: result: no
configure:12555: checking whether to install libbfd
configure:12568: result: yes
configure:12613: checking whether gcc supports -Wall
configure:12639: result: yes
configure:12660: checking for stdlib.h
configure:12660: result: yes
configure:12660: checking for unistd.h
configure:12660: result: yes
configure:12660: checking for sys/param.h
configure:12660: gcc -c -g -O2      conftest.c >&5
configure:12660: $? = 0
configure:12660: result: yes
configure:12680: checking for getpagesize
configure:12680: gcc -o conftest -g -O2         conftest.c  >&5
configure:12680: $? = 0
configure:12680: result: yes
configure:12689: checking for working mmap
configure:12836: gcc -o conftest -g -O2         conftest.c  >&5
configure:12836: $? = 0
configure:12836: ./conftest
configure:12836: $? = 0
configure:12846: result: yes
configure:12856: checking for library containing dlsym
configure:12887: gcc -o conftest -g -O2         conftest.c  >&5
configure:12887: $? = 0
configure:12904: result: none required
configure:12969: checking for ELF support in BFD
configure:12989: gcc -o conftest -I./../include -I../bfd -I./../bfd -g -O2      -L../bfd -L../libiberty -L../zlib    conftest.c -lbfd -liberty -lz -L../intl -lintl -liconv  >&5
Undefined symbols for architecture x86_64:
  "_bfd_section_from_elf_index", referenced from:
      _main in conftest-5173d4.o
ld: symbol(s) not found for architecture x86_64
clang: error: linker command failed with exit code 1 (use -v to see invocation)
configure:12989: $? = 1
configure: failed program was:
| /* confdefs.h */
| #define PACKAGE_NAME "libctf"
| #define PACKAGE_TARNAME "libctf"
| #define PACKAGE_VERSION "1.2.0"
| #define PACKAGE_STRING "libctf 1.2.0"
| #define PACKAGE_BUGREPORT ""
| #define PACKAGE_URL ""
| #define STDC_HEADERS 1
| #define HAVE_SYS_TYPES_H 1
| #define HAVE_SYS_STAT_H 1
| #define HAVE_STDLIB_H 1
| #define HAVE_STRING_H 1
| #define HAVE_MEMORY_H 1
| #define HAVE_STRINGS_H 1
| #define HAVE_INTTYPES_H 1
| #define HAVE_STDINT_H 1
| #define HAVE_UNISTD_H 1
| #define __EXTENSIONS__ 1
| #define _ALL_SOURCE 1
| #define _GNU_SOURCE 1
| #define _POSIX_PTHREAD_SEMANTICS 1
| #define _TANDEM_SOURCE 1
| #define PACKAGE "libctf"
| #define VERSION "1.2.0"
| #define ENABLE_NLS 1
| #define HAVE_DLFCN_H 1
| #define LT_OBJDIR ".libs/"
| #define HAVE_STDLIB_H 1
| #define HAVE_UNISTD_H 1
| #define HAVE_SYS_PARAM_H 1
| #define HAVE_GETPAGESIZE 1
| #define HAVE_MMAP 1
| /* end confdefs.h.  */
| #include <stdlib.h>
| 	     #include <string.h>
| 	     #include "bfd.h"
| 	     #include "elf-bfd.h"
| int
| main ()
| {
| (void) bfd_section_from_elf_index (NULL, 0);
| 	     return 0;
|   ;
|   return 0;
| }
configure:12997: result: no
configure:13009: checking whether byte ordering is bigendian
configure:13024: gcc -c -g -O2      conftest.c >&5
configure:13024: $? = 0
configure:13069: gcc -c -g -O2      conftest.c >&5
configure:13069: $? = 0
configure:13087: gcc -c -g -O2      conftest.c >&5
conftest.c:41:4: error: use of undeclared identifier 'not'
                 not big endian
                 ^
1 error generated.
configure:13087: $? = 1
configure: failed program was:
| /* confdefs.h */
| #define PACKAGE_NAME "libctf"
| #define PACKAGE_TARNAME "libctf"
| #define PACKAGE_VERSION "1.2.0"
| #define PACKAGE_STRING "libctf 1.2.0"
| #define PACKAGE_BUGREPORT ""
| #define PACKAGE_URL ""
| #define STDC_HEADERS 1
| #define HAVE_SYS_TYPES_H 1
| #define HAVE_SYS_STAT_H 1
| #define HAVE_STDLIB_H 1
| #define HAVE_STRING_H 1
| #define HAVE_MEMORY_H 1
| #define HAVE_STRINGS_H 1
| #define HAVE_INTTYPES_H 1
| #define HAVE_STDINT_H 1
| #define HAVE_UNISTD_H 1
| #define __EXTENSIONS__ 1
| #define _ALL_SOURCE 1
| #define _GNU_SOURCE 1
| #define _POSIX_PTHREAD_SEMANTICS 1
| #define _TANDEM_SOURCE 1
| #define PACKAGE "libctf"
| #define VERSION "1.2.0"
| #define ENABLE_NLS 1
| #define HAVE_DLFCN_H 1
| #define LT_OBJDIR ".libs/"
| #define HAVE_STDLIB_H 1
| #define HAVE_UNISTD_H 1
| #define HAVE_SYS_PARAM_H 1
| #define HAVE_GETPAGESIZE 1
| #define HAVE_MMAP 1
| /* end confdefs.h.  */
| #include <sys/types.h>
| 		#include <sys/param.h>
| 
| int
| main ()
| {
| #if BYTE_ORDER != BIG_ENDIAN
| 		 not big endian
| 		#endif
| 
|   ;
|   return 0;
| }
configure:13215: result: no
configure:13236: checking byteswap.h usability
configure:13236: gcc -c -g -O2      conftest.c >&5
conftest.c:67:10: fatal error: 'byteswap.h' file not found
#include <byteswap.h>
         ^~~~~~~~~~~~
1 error generated.
configure:13236: $? = 1
configure: failed program was:
| /* confdefs.h */
| #define PACKAGE_NAME "libctf"
| #define PACKAGE_TARNAME "libctf"
| #define PACKAGE_VERSION "1.2.0"
| #define PACKAGE_STRING "libctf 1.2.0"
| #define PACKAGE_BUGREPORT ""
| #define PACKAGE_URL ""
| #define STDC_HEADERS 1
| #define HAVE_SYS_TYPES_H 1
| #define HAVE_SYS_STAT_H 1
| #define HAVE_STDLIB_H 1
| #define HAVE_STRING_H 1
| #define HAVE_MEMORY_H 1
| #define HAVE_STRINGS_H 1
| #define HAVE_INTTYPES_H 1
| #define HAVE_STDINT_H 1
| #define HAVE_UNISTD_H 1
| #define __EXTENSIONS__ 1
| #define _ALL_SOURCE 1
| #define _GNU_SOURCE 1
| #define _POSIX_PTHREAD_SEMANTICS 1
| #define _TANDEM_SOURCE 1
| #define PACKAGE "libctf"
| #define VERSION "1.2.0"
| #define ENABLE_NLS 1
| #define HAVE_DLFCN_H 1
| #define LT_OBJDIR ".libs/"
| #define HAVE_STDLIB_H 1
| #define HAVE_UNISTD_H 1
| #define HAVE_SYS_PARAM_H 1
| #define HAVE_GETPAGESIZE 1
| #define HAVE_MMAP 1
| /* end confdefs.h.  */
| #include <stdio.h>
| #ifdef HAVE_SYS_TYPES_H
| # include <sys/types.h>
| #endif
| #ifdef HAVE_SYS_STAT_H
| # include <sys/stat.h>
| #endif
| #ifdef STDC_HEADERS
| # include <stdlib.h>
| # include <stddef.h>
| #else
| # ifdef HAVE_STDLIB_H
| #  include <stdlib.h>
| # endif
| #endif
| #ifdef HAVE_STRING_H
| # if !defined STDC_HEADERS && defined HAVE_MEMORY_H
| #  include <memory.h>
| # endif
| # include <string.h>
| #endif
| #ifdef HAVE_STRINGS_H
| # include <strings.h>
| #endif
| #ifdef HAVE_INTTYPES_H
| # include <inttypes.h>
| #endif
| #ifdef HAVE_STDINT_H
| # include <stdint.h>
| #endif
| #ifdef HAVE_UNISTD_H
| # include <unistd.h>
| #endif
| #include <byteswap.h>
configure:13236: result: no
configure:13236: checking byteswap.h presence
configure:13236: gcc -E  conftest.c
conftest.c:34:10: fatal error: 'byteswap.h' file not found
#include <byteswap.h>
         ^~~~~~~~~~~~
1 error generated.
configure:13236: $? = 1
configure: failed program was:
| /* confdefs.h */
| #define PACKAGE_NAME "libctf"
| #define PACKAGE_TARNAME "libctf"
| #define PACKAGE_VERSION "1.2.0"
| #define PACKAGE_STRING "libctf 1.2.0"
| #define PACKAGE_BUGREPORT ""
| #define PACKAGE_URL ""
| #define STDC_HEADERS 1
| #define HAVE_SYS_TYPES_H 1
| #define HAVE_SYS_STAT_H 1
| #define HAVE_STDLIB_H 1
| #define HAVE_STRING_H 1
| #define HAVE_MEMORY_H 1
| #define HAVE_STRINGS_H 1
| #define HAVE_INTTYPES_H 1
| #define HAVE_STDINT_H 1
| #define HAVE_UNISTD_H 1
| #define __EXTENSIONS__ 1
| #define _ALL_SOURCE 1
| #define _GNU_SOURCE 1
| #define _POSIX_PTHREAD_SEMANTICS 1
| #define _TANDEM_SOURCE 1
| #define PACKAGE "libctf"
| #define VERSION "1.2.0"
| #define ENABLE_NLS 1
| #define HAVE_DLFCN_H 1
| #define LT_OBJDIR ".libs/"
| #define HAVE_STDLIB_H 1
| #define HAVE_UNISTD_H 1
| #define HAVE_SYS_PARAM_H 1
| #define HAVE_GETPAGESIZE 1
| #define HAVE_MMAP 1
| /* end confdefs.h.  */
| #include <byteswap.h>
configure:13236: result: no
configure:13236: checking for byteswap.h
configure:13236: result: no
configure:13236: checking endian.h usability
configure:13236: gcc -c -g -O2      conftest.c >&5
conftest.c:67:10: fatal error: 'endian.h' file not found
#include <endian.h>
         ^~~~~~~~~~
1 error generated.
configure:13236: $? = 1
configure: failed program was:
| /* confdefs.h */
| #define PACKAGE_NAME "libctf"
| #define PACKAGE_TARNAME "libctf"
| #define PACKAGE_VERSION "1.2.0"
| #define PACKAGE_STRING "libctf 1.2.0"
| #define PACKAGE_BUGREPORT ""
| #define PACKAGE_URL ""
| #define STDC_HEADERS 1
| #define HAVE_SYS_TYPES_H 1
| #define HAVE_SYS_STAT_H 1
| #define HAVE_STDLIB_H 1
| #define HAVE_STRING_H 1
| #define HAVE_MEMORY_H 1
| #define HAVE_STRINGS_H 1
| #define HAVE_INTTYPES_H 1
| #define HAVE_STDINT_H 1
| #define HAVE_UNISTD_H 1
| #define __EXTENSIONS__ 1
| #define _ALL_SOURCE 1
| #define _GNU_SOURCE 1
| #define _POSIX_PTHREAD_SEMANTICS 1
| #define _TANDEM_SOURCE 1
| #define PACKAGE "libctf"
| #define VERSION "1.2.0"
| #define ENABLE_NLS 1
| #define HAVE_DLFCN_H 1
| #define LT_OBJDIR ".libs/"
| #define HAVE_STDLIB_H 1
| #define HAVE_UNISTD_H 1
| #define HAVE_SYS_PARAM_H 1
| #define HAVE_GETPAGESIZE 1
| #define HAVE_MMAP 1
| /* end confdefs.h.  */
| #include <stdio.h>
| #ifdef HAVE_SYS_TYPES_H
| # include <sys/types.h>
| #endif
| #ifdef HAVE_SYS_STAT_H
| # include <sys/stat.h>
| #endif
| #ifdef STDC_HEADERS
| # include <stdlib.h>
| # include <stddef.h>
| #else
| # ifdef HAVE_STDLIB_H
| #  include <stdlib.h>
| # endif
| #endif
| #ifdef HAVE_STRING_H
| # if !defined STDC_HEADERS && defined HAVE_MEMORY_H
| #  include <memory.h>
| # endif
| # include <string.h>
| #endif
| #ifdef HAVE_STRINGS_H
| # include <strings.h>
| #endif
| #ifdef HAVE_INTTYPES_H
| # include <inttypes.h>
| #endif
| #ifdef HAVE_STDINT_H
| # include <stdint.h>
| #endif
| #ifdef HAVE_UNISTD_H
| # include <unistd.h>
| #endif
| #include <endian.h>
configure:13236: result: no
configure:13236: checking endian.h presence
configure:13236: gcc -E  conftest.c
conftest.c:34:10: fatal error: 'endian.h' file not found
#include <endian.h>
         ^~~~~~~~~~
1 error generated.
configure:13236: $? = 1
configure: failed program was:
| /* confdefs.h */
| #define PACKAGE_NAME "libctf"
| #define PACKAGE_TARNAME "libctf"
| #define PACKAGE_VERSION "1.2.0"
| #define PACKAGE_STRING "libctf 1.2.0"
| #define PACKAGE_BUGREPORT ""
| #define PACKAGE_URL ""
| #define STDC_HEADERS 1
| #define HAVE_SYS_TYPES_H 1
| #define HAVE_SYS_STAT_H 1
| #define HAVE_STDLIB_H 1
| #define HAVE_STRING_H 1
| #define HAVE_MEMORY_H 1
| #define HAVE_STRINGS_H 1
| #define HAVE_INTTYPES_H 1
| #define HAVE_STDINT_H 1
| #define HAVE_UNISTD_H 1
| #define __EXTENSIONS__ 1
| #define _ALL_SOURCE 1
| #define _GNU_SOURCE 1
| #define _POSIX_PTHREAD_SEMANTICS 1
| #define _TANDEM_SOURCE 1
| #define PACKAGE "libctf"
| #define VERSION "1.2.0"
| #define ENABLE_NLS 1
| #define HAVE_DLFCN_H 1
| #define LT_OBJDIR ".libs/"
| #define HAVE_STDLIB_H 1
| #define HAVE_UNISTD_H 1
| #define HAVE_SYS_PARAM_H 1
| #define HAVE_GETPAGESIZE 1
| #define HAVE_MMAP 1
| /* end confdefs.h.  */
| #include <endian.h>
configure:13236: result: no
configure:13236: checking for endian.h
configure:13236: result: no
configure:13248: checking for pread
configure:13248: gcc -o conftest -g -O2         conftest.c  >&5
configure:13248: $? = 0
configure:13248: result: yes
configure:13258: checking whether bswap_16 is declared
configure:13258: gcc -c -g -O2      conftest.c >&5
conftest.c:35:10: fatal error: 'byteswap.h' file not found
#include <byteswap.h>
         ^~~~~~~~~~~~
1 error generated.
configure:13258: $? = 1
configure: failed program was:
| /* confdefs.h */
| #define PACKAGE_NAME "libctf"
| #define PACKAGE_TARNAME "libctf"
| #define PACKAGE_VERSION "1.2.0"
| #define PACKAGE_STRING "libctf 1.2.0"
| #define PACKAGE_BUGREPORT ""
| #define PACKAGE_URL ""
| #define STDC_HEADERS 1
| #define HAVE_SYS_TYPES_H 1
| #define HAVE_SYS_STAT_H 1
| #define HAVE_STDLIB_H 1
| #define HAVE_STRING_H 1
| #define HAVE_MEMORY_H 1
| #define HAVE_STRINGS_H 1
| #define HAVE_INTTYPES_H 1
| #define HAVE_STDINT_H 1
| #define HAVE_UNISTD_H 1
| #define __EXTENSIONS__ 1
| #define _ALL_SOURCE 1
| #define _GNU_SOURCE 1
| #define _POSIX_PTHREAD_SEMANTICS 1
| #define _TANDEM_SOURCE 1
| #define PACKAGE "libctf"
| #define VERSION "1.2.0"
| #define ENABLE_NLS 1
| #define HAVE_DLFCN_H 1
| #define LT_OBJDIR ".libs/"
| #define HAVE_STDLIB_H 1
| #define HAVE_UNISTD_H 1
| #define HAVE_SYS_PARAM_H 1
| #define HAVE_GETPAGESIZE 1
| #define HAVE_MMAP 1
| #define HAVE_PREAD 1
| /* end confdefs.h.  */
| #include <byteswap.h>
| 
| int
| main ()
| {
| #ifndef bswap_16
| #ifdef __cplusplus
|   (void) bswap_16;
| #else
|   (void) bswap_16;
| #endif
| #endif
| 
|   ;
|   return 0;
| }
configure:13258: result: no
configure:13269: checking whether bswap_32 is declared
configure:13269: gcc -c -g -O2      conftest.c >&5
conftest.c:36:10: fatal error: 'byteswap.h' file not found
#include <byteswap.h>
         ^~~~~~~~~~~~
1 error generated.
configure:13269: $? = 1
configure: failed program was:
| /* confdefs.h */
| #define PACKAGE_NAME "libctf"
| #define PACKAGE_TARNAME "libctf"
| #define PACKAGE_VERSION "1.2.0"
| #define PACKAGE_STRING "libctf 1.2.0"
| #define PACKAGE_BUGREPORT ""
| #define PACKAGE_URL ""
| #define STDC_HEADERS 1
| #define HAVE_SYS_TYPES_H 1
| #define HAVE_SYS_STAT_H 1
| #define HAVE_STDLIB_H 1
| #define HAVE_STRING_H 1
| #define HAVE_MEMORY_H 1
| #define HAVE_STRINGS_H 1
| #define HAVE_INTTYPES_H 1
| #define HAVE_STDINT_H 1
| #define HAVE_UNISTD_H 1
| #define __EXTENSIONS__ 1
| #define _ALL_SOURCE 1
| #define _GNU_SOURCE 1
| #define _POSIX_PTHREAD_SEMANTICS 1
| #define _TANDEM_SOURCE 1
| #define PACKAGE "libctf"
| #define VERSION "1.2.0"
| #define ENABLE_NLS 1
| #define HAVE_DLFCN_H 1
| #define LT_OBJDIR ".libs/"
| #define HAVE_STDLIB_H 1
| #define HAVE_UNISTD_H 1
| #define HAVE_SYS_PARAM_H 1
| #define HAVE_GETPAGESIZE 1
| #define HAVE_MMAP 1
| #define HAVE_PREAD 1
| #define HAVE_DECL_BSWAP_16 0
| /* end confdefs.h.  */
| #include <byteswap.h>
| 
| int
| main ()
| {
| #ifndef bswap_32
| #ifdef __cplusplus
|   (void) bswap_32;
| #else
|   (void) bswap_32;
| #endif
| #endif
| 
|   ;
|   return 0;
| }
configure:13269: result: no
configure:13280: checking whether bswap_64 is declared
configure:13280: gcc -c -g -O2      conftest.c >&5
conftest.c:37:10: fatal error: 'byteswap.h' file not found
#include <byteswap.h>
         ^~~~~~~~~~~~
1 error generated.
configure:13280: $? = 1
configure: failed program was:
| /* confdefs.h */
| #define PACKAGE_NAME "libctf"
| #define PACKAGE_TARNAME "libctf"
| #define PACKAGE_VERSION "1.2.0"
| #define PACKAGE_STRING "libctf 1.2.0"
| #define PACKAGE_BUGREPORT ""
| #define PACKAGE_URL ""
| #define STDC_HEADERS 1
| #define HAVE_SYS_TYPES_H 1
| #define HAVE_SYS_STAT_H 1
| #define HAVE_STDLIB_H 1
| #define HAVE_STRING_H 1
| #define HAVE_MEMORY_H 1
| #define HAVE_STRINGS_H 1
| #define HAVE_INTTYPES_H 1
| #define HAVE_STDINT_H 1
| #define HAVE_UNISTD_H 1
| #define __EXTENSIONS__ 1
| #define _ALL_SOURCE 1
| #define _GNU_SOURCE 1
| #define _POSIX_PTHREAD_SEMANTICS 1
| #define _TANDEM_SOURCE 1
| #define PACKAGE "libctf"
| #define VERSION "1.2.0"
| #define ENABLE_NLS 1
| #define HAVE_DLFCN_H 1
| #define LT_OBJDIR ".libs/"
| #define HAVE_STDLIB_H 1
| #define HAVE_UNISTD_H 1
| #define HAVE_SYS_PARAM_H 1
| #define HAVE_GETPAGESIZE 1
| #define HAVE_MMAP 1
| #define HAVE_PREAD 1
| #define HAVE_DECL_BSWAP_16 0
| #define HAVE_DECL_BSWAP_32 0
| /* end confdefs.h.  */
| #include <byteswap.h>
| 
| int
| main ()
| {
| #ifndef bswap_64
| #ifdef __cplusplus
|   (void) bswap_64;
| #else
|   (void) bswap_64;
| #endif
| #endif
| 
|   ;
|   return 0;
| }
configure:13280: result: no
configure:13292: checking whether asprintf is declared
configure:13292: gcc -c -g -O2      conftest.c >&5
configure:13292: $? = 0
configure:13292: result: yes
configure:13302: checking whether vasprintf is declared
configure:13302: gcc -c -g -O2      conftest.c >&5
configure:13302: $? = 0
configure:13302: result: yes
configure:13312: checking whether stpcpy is declared
configure:13312: gcc -c -g -O2      conftest.c >&5
configure:13312: $? = 0
configure:13312: result: yes
configure:13330: checking for qsort_r
configure:13330: gcc -o conftest -g -O2         conftest.c  >&5
configure:13330: $? = 0
configure:13330: result: yes
configure:13343: checking for qsort_r signature
configure:13369: gcc -o conftest -g -O2         conftest.c  >&5
conftest.c:44:32: error: conflicting types for 'qsort_r'
                          void qsort_r (void *, size_t, size_t,
                               ^
/Applications/Xcode.app/Contents/Developer/Platforms/MacOSX.platform/Developer/SDKs/MacOSX.sdk/usr/include/stdlib.h:341:7: note: previous declaration is here
void     qsort_r(void *__base, size_t __nel, size_t __width, void *,
         ^
conftest.c:48:34: warning: incompatible function pointer types initializing 'void (*)(void *, size_t, size_t, int (*)(const void *, const void *, void *), void *)' (aka 'void (*)(void *, unsigned long, unsigned long, int (*)(const void *, const void *, void *), void *)') with an expression of type 'void (void *, size_t, size_t, void *, int (* _Nonnull)(void *, const void *, const void *))' (aka 'void (void *, unsigned long, unsigned long, void *, int (* _Nonnull)(void *, const void *, const void *))') [-Wincompatible-function-pointer-types]
                          void (*p) (void *, size_t, size_t,
                                 ^
1 warning and 1 error generated.
configure:13369: $? = 1
configure: failed program was:
| /* confdefs.h */
| #define PACKAGE_NAME "libctf"
| #define PACKAGE_TARNAME "libctf"
| #define PACKAGE_VERSION "1.2.0"
| #define PACKAGE_STRING "libctf 1.2.0"
| #define PACKAGE_BUGREPORT ""
| #define PACKAGE_URL ""
| #define STDC_HEADERS 1
| #define HAVE_SYS_TYPES_H 1
| #define HAVE_SYS_STAT_H 1
| #define HAVE_STDLIB_H 1
| #define HAVE_STRING_H 1
| #define HAVE_MEMORY_H 1
| #define HAVE_STRINGS_H 1
| #define HAVE_INTTYPES_H 1
| #define HAVE_STDINT_H 1
| #define HAVE_UNISTD_H 1
| #define __EXTENSIONS__ 1
| #define _ALL_SOURCE 1
| #define _GNU_SOURCE 1
| #define _POSIX_PTHREAD_SEMANTICS 1
| #define _TANDEM_SOURCE 1
| #define PACKAGE "libctf"
| #define VERSION "1.2.0"
| #define ENABLE_NLS 1
| #define HAVE_DLFCN_H 1
| #define LT_OBJDIR ".libs/"
| #define HAVE_STDLIB_H 1
| #define HAVE_UNISTD_H 1
| #define HAVE_SYS_PARAM_H 1
| #define HAVE_GETPAGESIZE 1
| #define HAVE_MMAP 1
| #define HAVE_PREAD 1
| #define HAVE_DECL_BSWAP_16 0
| #define HAVE_DECL_BSWAP_32 0
| #define HAVE_DECL_BSWAP_64 0
| #define HAVE_DECL_ASPRINTF 1
| #define HAVE_DECL_VASPRINTF 1
| #define HAVE_DECL_STPCPY 1
| #define HAVE_QSORT_R 1
| /* end confdefs.h.  */
| #undef qsort_r
|                           #include <stdlib.h>
|                           void qsort_r (void *, size_t, size_t,
|                                         int (*) (void const *, void const *,
|                                                  void *),
|                                         void *);
|                           void (*p) (void *, size_t, size_t,
|                                      int (*) (void const *, void const *,
|                                               void *),
|                                      void *) = qsort_r;
| 
| int
| main ()
| {
| 
|   ;
|   return 0;
| }
configure:13392: gcc -o conftest -g -O2         conftest.c  >&5
configure:13392: $? = 0
configure:13403: result: BSD
configure:13426: checking for O_CLOEXEC
configure:13446: gcc -o conftest -g -O2         conftest.c  >&5
configure:13446: $? = 0
configure:13454: result: yes
configure:13469: checking for makeinfo
configure:13496: result: makeinfo --split-size=5000000
configure:13524: WARNING:
*** Makeinfo is too old. Info documentation will not be built.
configure:13574: checking for expect
configure:13592: found /usr/bin/expect
configure:13604: result: /usr/bin/expect
configure:13612: checking for Tcl supporting try/catch
configure:13623: result: no
configure:13636: checking for linker versioning flags
configure:13651: gcc -o conftest -g -O2     -fPIC     -shared -Wl,--version-script=conftest.ver conftest.c  >&5
ld: unknown option: --version-script=conftest.ver
clang: error: linker command failed with exit code 1 (use -v to see invocation)
configure:13651: $? = 1
configure: failed program was:
| /* confdefs.h */
| #define PACKAGE_NAME "libctf"
| #define PACKAGE_TARNAME "libctf"
| #define PACKAGE_VERSION "1.2.0"
| #define PACKAGE_STRING "libctf 1.2.0"
| #define PACKAGE_BUGREPORT ""
| #define PACKAGE_URL ""
| #define STDC_HEADERS 1
| #define HAVE_SYS_TYPES_H 1
| #define HAVE_SYS_STAT_H 1
| #define HAVE_STDLIB_H 1
| #define HAVE_STRING_H 1
| #define HAVE_MEMORY_H 1
| #define HAVE_STRINGS_H 1
| #define HAVE_INTTYPES_H 1
| #define HAVE_STDINT_H 1
| #define HAVE_UNISTD_H 1
| #define __EXTENSIONS__ 1
| #define _ALL_SOURCE 1
| #define _GNU_SOURCE 1
| #define _POSIX_PTHREAD_SEMANTICS 1
| #define _TANDEM_SOURCE 1
| #define PACKAGE "libctf"
| #define VERSION "1.2.0"
| #define ENABLE_NLS 1
| #define HAVE_DLFCN_H 1
| #define LT_OBJDIR ".libs/"
| #define HAVE_STDLIB_H 1
| #define HAVE_UNISTD_H 1
| #define HAVE_SYS_PARAM_H 1
| #define HAVE_GETPAGESIZE 1
| #define HAVE_MMAP 1
| #define HAVE_PREAD 1
| #define HAVE_DECL_BSWAP_16 0
| #define HAVE_DECL_BSWAP_32 0
| #define HAVE_DECL_BSWAP_64 0
| #define HAVE_DECL_ASPRINTF 1
| #define HAVE_DECL_VASPRINTF 1
| #define HAVE_DECL_STPCPY 1
| #define HAVE_QSORT_R 1
| #define HAVE_QSORT_R_COMPAR_LAST 1
| #define HAVE_O_CLOEXEC 1
| /* end confdefs.h.  */
| int ctf_foo (void) { return 0; }
| 				    int main (void) { return ctf_foo(); }
configure:13665: gcc -o conftest -g -O2     -fPIC     -shared -Wl,-B,local -Wl,-z,gnu-version-script=conftest.ver conftest.c  >&5
ld: unknown option: -B
clang: error: linker command failed with exit code 1 (use -v to see invocation)
configure:13665: $? = 1
configure: failed program was:
| /* confdefs.h */
| #define PACKAGE_NAME "libctf"
| #define PACKAGE_TARNAME "libctf"
| #define PACKAGE_VERSION "1.2.0"
| #define PACKAGE_STRING "libctf 1.2.0"
| #define PACKAGE_BUGREPORT ""
| #define PACKAGE_URL ""
| #define STDC_HEADERS 1
| #define HAVE_SYS_TYPES_H 1
| #define HAVE_SYS_STAT_H 1
| #define HAVE_STDLIB_H 1
| #define HAVE_STRING_H 1
| #define HAVE_MEMORY_H 1
| #define HAVE_STRINGS_H 1
| #define HAVE_INTTYPES_H 1
| #define HAVE_STDINT_H 1
| #define HAVE_UNISTD_H 1
| #define __EXTENSIONS__ 1
| #define _ALL_SOURCE 1
| #define _GNU_SOURCE 1
| #define _POSIX_PTHREAD_SEMANTICS 1
| #define _TANDEM_SOURCE 1
| #define PACKAGE "libctf"
| #define VERSION "1.2.0"
| #define ENABLE_NLS 1
| #define HAVE_DLFCN_H 1
| #define LT_OBJDIR ".libs/"
| #define HAVE_STDLIB_H 1
| #define HAVE_UNISTD_H 1
| #define HAVE_SYS_PARAM_H 1
| #define HAVE_GETPAGESIZE 1
| #define HAVE_MMAP 1
| #define HAVE_PREAD 1
| #define HAVE_DECL_BSWAP_16 0
| #define HAVE_DECL_BSWAP_32 0
| #define HAVE_DECL_BSWAP_64 0
| #define HAVE_DECL_ASPRINTF 1
| #define HAVE_DECL_VASPRINTF 1
| #define HAVE_DECL_STPCPY 1
| #define HAVE_QSORT_R 1
| #define HAVE_QSORT_R_COMPAR_LAST 1
| #define HAVE_O_CLOEXEC 1
| /* end confdefs.h.  */
| int ctf_foo (void) { return 0; }
| 				      int main (void) { return ctf_foo(); }
configure:13680: result: -export-symbols-regex ctf_.*
configure:13769: updating cache ./config.cache
configure:13813: checking that generated files are newer than configure
configure:13819: result: done
configure:13867: creating ./config.status

## ---------------------- ##
## Running config.status. ##
## ---------------------- ##

This file was extended by libctf config.status 1.2.0, which was
generated by GNU Autoconf 2.69.  Invocation command line was

  CONFIG_FILES    = 
  CONFIG_HEADERS  = 
  CONFIG_LINKS    = 
  CONFIG_COMMANDS = 
  $ ./config.status 

on hacks-Mac-mini.local

config.status:1132: creating Makefile
config.status:1132: creating config.h
config.status:1361: executing depfiles commands
config.status:1361: executing libtool commands

## ---------------- ##
## Cache variables. ##
## ---------------- ##

ac_cv_build=x86_64-apple-darwin21.4.0
ac_cv_c_bigendian=no
ac_cv_c_compiler_gnu=yes
ac_cv_env_CC_set=set
ac_cv_env_CC_value=gcc
ac_cv_env_CFLAGS_set=set
ac_cv_env_CFLAGS_value='-g -O2    '
ac_cv_env_CPPFLAGS_set=
ac_cv_env_CPPFLAGS_value=
ac_cv_env_CPP_set=
ac_cv_env_CPP_value=
ac_cv_env_LDFLAGS_set=set
ac_cv_env_LDFLAGS_value='  '
ac_cv_env_LIBS_set=
ac_cv_env_LIBS_value=
ac_cv_env_build_alias_set=set
ac_cv_env_build_alias_value=x86_64-apple-darwin21.4.0
ac_cv_env_host_alias_set=set
ac_cv_env_host_alias_value=x86_64-apple-darwin21.4.0
ac_cv_env_target_alias_set=set
ac_cv_env_target_alias_value=x86_64-apple-darwin21.4.0
ac_cv_func_getpagesize=yes
ac_cv_func_mmap_fixed_mapped=yes
ac_cv_func_pread=yes
ac_cv_func_qsort_r=yes
ac_cv_have_decl_asprintf=yes
ac_cv_have_decl_bswap_16=no
ac_cv_have_decl_bswap_32=no
ac_cv_have_decl_bswap_64=no
ac_cv_have_decl_stpcpy=yes
ac_cv_have_decl_vasprintf=yes
ac_cv_header_byteswap_h=no
ac_cv_header_dlfcn_h=yes
ac_cv_header_endian_h=no
ac_cv_header_inttypes_h=yes
ac_cv_header_memory_h=yes
ac_cv_header_minix_config_h=no
ac_cv_header_stdc=yes
ac_cv_header_stdint_h=yes
ac_cv_header_stdlib_h=yes
ac_cv_header_string_h=yes
ac_cv_header_strings_h=yes
ac_cv_header_sys_param_h=yes
ac_cv_header_sys_stat_h=yes
ac_cv_header_sys_types_h=yes
ac_cv_header_unistd_h=yes
ac_cv_host=x86_64-apple-darwin21.4.0
ac_cv_libctf_bfd_elf=no
ac_cv_libctf_macro_O_CLOEXEC=yes
ac_cv_libctf_qsort_r_signature=BSD
ac_cv_libctf_tcl_try=no
ac_cv_libctf_version_script='-export-symbols-regex ctf_.*'
ac_cv_objext=o
ac_cv_path_EGREP='/usr/bin/grep -E'
ac_cv_path_EXPECT=/usr/bin/expect
ac_cv_path_FGREP='/usr/bin/grep -F'
ac_cv_path_GREP=/usr/bin/grep
ac_cv_path_SED=/usr/bin/sed
ac_cv_prog_ACLOCAL='${SHELL} /Users/hack/binutils-2.38/missing aclocal-1.15'
ac_cv_prog_AR='ar '
ac_cv_prog_AUTOCONF='${SHELL} /Users/hack/binutils-2.38/missing autoconf'
ac_cv_prog_AUTOHEADER='${SHELL} /Users/hack/binutils-2.38/missing autoheader'
ac_cv_prog_AWK=awk
ac_cv_prog_CC=gcc
ac_cv_prog_CPP='gcc -E'
ac_cv_prog_DSYMUTIL=@DSYMUTIL@
ac_cv_prog_MAKEINFO='makeinfo --split-size=5000000'
ac_cv_prog_OBJDUMP=objdump
ac_cv_prog_OTOOL=@OTOOL@
ac_cv_prog_RANLIB='ranlib '
ac_cv_prog_ac_ct_LIPO=lipo
ac_cv_prog_ac_ct_NMEDIT=nmedit
ac_cv_prog_ac_ct_STRIP=strip
ac_cv_prog_cc_c89=
ac_cv_prog_cc_g=yes
ac_cv_prog_make__Applications_Xcode_app_Contents_Developer_usr_bin_make_set=yes
ac_cv_safe_to_define___extensions__=yes
ac_cv_search_dlsym='none required'
ac_cv_sys_file_offset_bits=no
ac_cv_sys_largefile_CC=no
ac_cv_target=x86_64-apple-darwin21.4.0
acx_cv_prog_cc_pedantic__Wlong_long=yes
acx_cv_prog_cc_warning__W=yes
acx_cv_prog_cc_warning__Wall=yes
acx_cv_prog_cc_warning__Wmissing_format_attribute=yes
acx_cv_prog_cc_warning__Wmissing_prototypes=yes
acx_cv_prog_cc_warning__Wnarrowing=yes
acx_cv_prog_cc_warning__Wold_style_definition=yes
acx_cv_prog_cc_warning__Wstrict_prototypes=yes
acx_cv_prog_cc_warning__Wwrite_strings=yes
am_cv_CC_dependencies_compiler_type=gcc3
am_cv_ar_interface=ar
am_cv_make_support_nested_variables=yes
am_cv_prog_cc_c_o=yes
lt_cv_apple_cc_single_mod=yes
lt_cv_deplibs_check_method=pass_all
lt_cv_file_magic_cmd='$MAGIC_CMD'
lt_cv_file_magic_test_file=
lt_cv_ld_exported_symbols_list=yes
lt_cv_ld_force_load=no
lt_cv_ld_reload_flag=-r
lt_cv_nm_interface='BSD nm'
lt_cv_objdir=.libs
lt_cv_path_LD=/Applications/Xcode.app/Contents/Developer/Toolchains/XcodeDefault.xctoolchain/usr/bin/ld
lt_cv_path_NM=/usr/bin/nm
lt_cv_prog_compiler_c_o=yes
lt_cv_prog_compiler_pic_works=yes
lt_cv_prog_compiler_rtti_exceptions=yes
lt_cv_prog_compiler_static_works=no
lt_cv_prog_gnu_ld=no
lt_cv_sys_global_symbol_pipe='sed -n -e '\''s/^.*[	 ]\([ABCDGIRSTW][ABCDGIRSTW]*\)[	 ][	 ]*_\([_A-Za-z][_A-Za-z0-9]*\)$/\1 _\2 \2/p'\'''
lt_cv_sys_global_symbol_to_c_name_address='sed -n -e '\''s/^: \([^ ]*\) $/  {\"\1\", (void *) 0},/p'\'' -e '\''s/^[ABCDGIRSTW]* \([^ ]*\) \([^ ]*\)$/  {"\2", (void *) \&\2},/p'\'''
lt_cv_sys_global_symbol_to_c_name_address_lib_prefix='sed -n -e '\''s/^: \([^ ]*\) $/  {\"\1\", (void *) 0},/p'\'' -e '\''s/^[ABCDGIRSTW]* \([^ ]*\) \(lib[^ ]*\)$/  {"\2", (void *) \&\2},/p'\'' -e '\''s/^[ABCDGIRSTW]* \([^ ]*\) \([^ ]*\)$/  {"lib\2", (void *) \&\2},/p'\'''
lt_cv_sys_global_symbol_to_cdecl='sed -n -e '\''s/^T .* \(.*\)$/extern int \1();/p'\'' -e '\''s/^[ABCDGIRSTW]* .* \(.*\)$/extern char \1;/p'\'''
lt_cv_sys_max_cmd_len=786432

## ----------------- ##
## Output variables. ##
## ----------------- ##

ACLOCAL='${SHELL} /Users/hack/binutils-2.38/missing aclocal-1.15'
AMDEPBACKSLASH='\'
AMDEP_FALSE='#'
AMDEP_TRUE=''
AMTAR='$${TAR-tar}'
AM_BACKSLASH='\'
AM_DEFAULT_V='$(AM_DEFAULT_VERBOSITY)'
AM_DEFAULT_VERBOSITY='0'
AM_V='$(V)'
AR='ar '
AUTOCONF='${SHELL} /Users/hack/binutils-2.38/missing autoconf'
AUTOHEADER='${SHELL} /Users/hack/binutils-2.38/missing autoheader'
AUTOMAKE='${SHELL} /Users/hack/binutils-2.38/missing automake-1.15'
AWK='awk'
BUILD_INFO_FALSE=''
BUILD_INFO_TRUE='#'
CATALOGS=''
CATOBJEXT='.gmo'
CC='gcc'
CCDEPMODE='depmode=gcc3'
CFLAGS='-g -O2    '
CPP='gcc -E'
CPPFLAGS=''
CTF_LIBADD='-L/Users/hack/binutils-2.38/libctf/../libiberty -liberty -L${top_builddir}/../intl -lintl -liconv'
CYGPATH_W='echo'
DATADIRNAME='share'
DEFS='-DHAVE_CONFIG_H'
DEPDIR='.deps'
DSYMUTIL='@DSYMUTIL@'
DUMPBIN=''
ECHO_C='\c'
ECHO_N=''
ECHO_T=''
EGREP='/usr/bin/grep -E'
ENABLE_LIBCTF_HASH_DEBUGGING_FALSE=''
ENABLE_LIBCTF_HASH_DEBUGGING_TRUE='#'
EXEEXT=''
EXPECT='/usr/bin/expect'
FGREP='/usr/bin/grep -F'
GENCAT='gencat'
GMSGFMT=':'
GREP='/usr/bin/grep'
INCINTL='-I${top_builddir}/../intl'
INSTALL_DATA='/usr/bin/install -c -m 644'
INSTALL_LIBBFD_FALSE='#'
INSTALL_LIBBFD_TRUE=''
INSTALL_PROGRAM='/usr/bin/install -c'
INSTALL_SCRIPT='/usr/bin/install -c'
INSTALL_STRIP_PROGRAM='$(install_sh) -c -s'
INSTOBJEXT='.mo'
LD='/Applications/Xcode.app/Contents/Developer/Toolchains/XcodeDefault.xctoolchain/usr/bin/ld'
LDFLAGS='  '
LIBINTL='-L${top_builddir}/../intl -lintl -liconv'
LIBINTL_DEP='${top_builddir}/../intl/libintl.a'
LIBOBJS=''
LIBS=''
LIBTOOL='$(SHELL) $(top_builddir)/libtool'
LIPO='lipo'
LN_S='ln -s'
LTLIBOBJS=''
MAINT='#'
MAINTAINER_MODE_FALSE=''
MAINTAINER_MODE_TRUE='#'
MAKEINFO='makeinfo --split-size=5000000'
MKDIR_P='./../install-sh -c -d'
NEED_CTF_QSORT_R_FALSE=''
NEED_CTF_QSORT_R_TRUE='#'
NM='/usr/bin/nm'
NMEDIT='nmedit'
OBJDUMP='objdump'
OBJEXT='o'
OTOOL64=':'
OTOOL='@OTOOL@'
PACKAGE='libctf'
PACKAGE_BUGREPORT=''
PACKAGE_NAME='libctf'
PACKAGE_STRING='libctf 1.2.0'
PACKAGE_TARNAME='libctf'
PACKAGE_URL=''
PACKAGE_VERSION='1.2.0'
PATH_SEPARATOR=':'
POSUB='po'
RANLIB='ranlib '
SED='/usr/bin/sed'
SET_MAKE=''
SHARED_LDFLAGS=''
SHELL='/bin/sh'
STRIP='strip'
TCL_TRY_FALSE=''
TCL_TRY_TRUE='#'
USE_NLS='yes'
VERSION='1.2.0'
VERSION_FLAGS='-export-symbols-regex ctf_.*'
VERSION_FLAGS_NOBFD='-export-symbols-regex ctf_.*'
WARN_PEDANTIC='-pedantic -Wno-long-long'
WERROR=''
XGETTEXT=':'
ac_ct_AR=''
ac_ct_CC=''
ac_ct_DUMPBIN=''
ac_libctf_warn_cflags='-Wall'
am__EXEEXT_FALSE=''
am__EXEEXT_TRUE='#'
am__fastdepCC_FALSE='#'
am__fastdepCC_TRUE=''
am__include='include'
am__isrc=''
am__leading_dot='.'
am__nodep='_no'
am__quote=''
am__tar='$${TAR-tar} chof - "$$tardir"'
am__untar='$${TAR-tar} xf -'
bfdincludedir='$(includedir)'
bfdlibdir='$(libdir)'
bindir='${exec_prefix}/bin'
build='x86_64-apple-darwin21.4.0'
build_alias='x86_64-apple-darwin21.4.0'
build_cpu='x86_64'
build_os='darwin21.4.0'
build_vendor='apple'
c_warn='-Wstrict-prototypes -Wmissing-prototypes -Wold-style-definition'
datadir='${datarootdir}'
datarootdir='${prefix}/share'
docdir='${datarootdir}/doc/${PACKAGE_TARNAME}'
dvidir='${docdir}'
exec_prefix='${prefix}'
host='x86_64-apple-darwin21.4.0'
host_alias='x86_64-apple-darwin21.4.0'
host_cpu='x86_64'
host_noncanonical='x86_64-apple-darwin21.4.0'
host_os='darwin21.4.0'
host_vendor='apple'
htmldir='${docdir}'
includedir='${prefix}/include'
infodir='${datarootdir}/info'
install_sh='${SHELL} /Users/hack/binutils-2.38/install-sh'
libdir='${exec_prefix}/lib'
libexecdir='${exec_prefix}/libexec'
localedir='${datarootdir}/locale'
localstatedir='${prefix}/var'
mandir='${datarootdir}/man'
mkdir_p='$(MKDIR_P)'
oldincludedir='/usr/include'
pdfdir='${docdir}'
prefix='/usr/local'
program_transform_name='s,y,y,'
psdir='${docdir}'
runstatedir='${localstatedir}/run'
sbindir='${exec_prefix}/sbin'
sharedstatedir='${prefix}/com'
sysconfdir='${prefix}/etc'
target='x86_64-apple-darwin21.4.0'
target_alias='x86_64-apple-darwin21.4.0'
target_cpu='x86_64'
target_noncanonical='x86_64-apple-darwin21.4.0'
target_os='darwin21.4.0'
target_vendor='apple'
warn='-W -Wall -Wno-narrowing -Wwrite-strings -Wmissing-format-attribute'
zlibdir='-L$(top_builddir)/../zlib'
zlibinc='-I$(top_srcdir)/../zlib'

## ----------- ##
## confdefs.h. ##
## ----------- ##

/* confdefs.h */
#define PACKAGE_NAME "libctf"
#define PACKAGE_TARNAME "libctf"
#define PACKAGE_VERSION "1.2.0"
#define PACKAGE_STRING "libctf 1.2.0"
#define PACKAGE_BUGREPORT ""
#define PACKAGE_URL ""
#define STDC_HEADERS 1
#define HAVE_SYS_TYPES_H 1
#define HAVE_SYS_STAT_H 1
#define HAVE_STDLIB_H 1
#define HAVE_STRING_H 1
#define HAVE_MEMORY_H 1
#define HAVE_STRINGS_H 1
#define HAVE_INTTYPES_H 1
#define HAVE_STDINT_H 1
#define HAVE_UNISTD_H 1
#define __EXTENSIONS__ 1
#define _ALL_SOURCE 1
#define _GNU_SOURCE 1
#define _POSIX_PTHREAD_SEMANTICS 1
#define _TANDEM_SOURCE 1
#define PACKAGE "libctf"
#define VERSION "1.2.0"
#define ENABLE_NLS 1
#define HAVE_DLFCN_H 1
#define LT_OBJDIR ".libs/"
#define HAVE_STDLIB_H 1
#define HAVE_UNISTD_H 1
#define HAVE_SYS_PARAM_H 1
#define HAVE_GETPAGESIZE 1
#define HAVE_MMAP 1
#define HAVE_PREAD 1
#define HAVE_DECL_BSWAP_16 0
#define HAVE_DECL_BSWAP_32 0
#define HAVE_DECL_BSWAP_64 0
#define HAVE_DECL_ASPRINTF 1
#define HAVE_DECL_VASPRINTF 1
#define HAVE_DECL_STPCPY 1
#define HAVE_QSORT_R 1
#define HAVE_QSORT_R_COMPAR_LAST 1
#define HAVE_O_CLOEXEC 1

configure: exit 0
